2015-11-09 18:27:31,446 INFO [main] r.m.r.CurrencyRateController [StartupInfoLogger.java : 47] - Starting CurrencyRateController on sergey-HP1 with PID 3736 (C:\Users\sergey\workspace\currency-rate-api\target\classes started by sergey in C:\Users\sergey\workspace\currency-rate-api)
2015-11-09 18:27:31,469 INFO [main] o.s.b.c.e.AnnotationConfigEmbeddedWebApplicationContext [AbstractApplicationContext.java : 511] - Refreshing org.springframework.boot.context.embedded.AnnotationConfigEmbeddedWebApplicationContext@4ad70ab0: startup date [Mon Nov 09 18:27:31 AST 2015]; root of context hierarchy
2015-11-09 18:27:31,469 INFO [main] o.s.b.c.e.AnnotationConfigEmbeddedWebApplicationContext [AbstractApplicationContext.java : 511] - Refreshing org.springframework.boot.context.embedded.AnnotationConfigEmbeddedWebApplicationContext@4ad70ab0: startup date [Mon Nov 09 18:27:31 AST 2015]; root of context hierarchy
2015-11-09 18:27:31,973 INFO [main] o.s.b.f.s.DefaultListableBeanFactory [DefaultListableBeanFactory.java : 822] - Overriding bean definition for bean 'beanNameViewResolver': replacing [Root bean: class [null]; scope=; abstract=false; lazyInit=false; autowireMode=3; dependencyCheck=0; autowireCandidate=true; primary=false; factoryBeanName=org.springframework.boot.autoconfigure.web.ErrorMvcAutoConfiguration$WhitelabelErrorViewConfiguration; factoryMethodName=beanNameViewResolver; initMethodName=null; destroyMethodName=(inferred); defined in class path resource [org/springframework/boot/autoconfigure/web/ErrorMvcAutoConfiguration$WhitelabelErrorViewConfiguration.class]] with [Root bean: class [null]; scope=; abstract=false; lazyInit=false; autowireMode=3; dependencyCheck=0; autowireCandidate=true; primary=false; factoryBeanName=org.springframework.boot.autoconfigure.web.WebMvcAutoConfiguration$WebMvcAutoConfigurationAdapter; factoryMethodName=beanNameViewResolver; initMethodName=null; destroyMethodName=(inferred); defined in class path resource [org/springframework/boot/autoconfigure/web/WebMvcAutoConfiguration$WebMvcAutoConfigurationAdapter.class]]
2015-11-09 18:27:31,973 INFO [main] o.s.b.f.s.DefaultListableBeanFactory [DefaultListableBeanFactory.java : 822] - Overriding bean definition for bean 'beanNameViewResolver': replacing [Root bean: class [null]; scope=; abstract=false; lazyInit=false; autowireMode=3; dependencyCheck=0; autowireCandidate=true; primary=false; factoryBeanName=org.springframework.boot.autoconfigure.web.ErrorMvcAutoConfiguration$WhitelabelErrorViewConfiguration; factoryMethodName=beanNameViewResolver; initMethodName=null; destroyMethodName=(inferred); defined in class path resource [org/springframework/boot/autoconfigure/web/ErrorMvcAutoConfiguration$WhitelabelErrorViewConfiguration.class]] with [Root bean: class [null]; scope=; abstract=false; lazyInit=false; autowireMode=3; dependencyCheck=0; autowireCandidate=true; primary=false; factoryBeanName=org.springframework.boot.autoconfigure.web.WebMvcAutoConfiguration$WebMvcAutoConfigurationAdapter; factoryMethodName=beanNameViewResolver; initMethodName=null; destroyMethodName=(inferred); defined in class path resource [org/springframework/boot/autoconfigure/web/WebMvcAutoConfiguration$WebMvcAutoConfigurationAdapter.class]]
2015-11-09 18:27:32,218 INFO [main] o.h.v.i.u.Version [Version.java : 27] - HV000001: Hibernate Validator 5.1.3.Final
2015-11-09 18:27:32,555 INFO [main] o.s.b.c.e.t.TomcatEmbeddedServletContainer [TomcatEmbeddedServletContainer.java : 79] - Tomcat initialized with port(s): 8080 (http)
2015-11-09 18:27:32,555 INFO [main] o.s.b.c.e.t.TomcatEmbeddedServletContainer [TomcatEmbeddedServletContainer.java : 79] - Tomcat initialized with port(s): 8080 (http)
2015-11-09 18:27:32,699 INFO [main] o.a.c.c.StandardService [DirectJDKLog.java : 180] - Starting service Tomcat
2015-11-09 18:27:32,700 INFO [main] o.a.c.c.StandardEngine [DirectJDKLog.java : 180] - Starting Servlet Engine: Apache Tomcat/8.0.28
2015-11-09 18:27:32,801 INFO [localhost-startStop-1] o.a.c.c.C.[.[.[/] [DirectJDKLog.java : 180] - Initializing Spring embedded WebApplicationContext
2015-11-09 18:27:32,802 INFO [localhost-startStop-1] o.s.w.c.ContextLoader [EmbeddedWebApplicationContext.java : 268] - Root WebApplicationContext: initialization completed in 1333 ms
2015-11-09 18:27:32,802 INFO [localhost-startStop-1] o.s.w.c.ContextLoader [EmbeddedWebApplicationContext.java : 268] - Root WebApplicationContext: initialization completed in 1333 ms
2015-11-09 18:27:33,296 INFO [localhost-startStop-1] o.s.b.c.e.ServletRegistrationBean [ServletRegistrationBean.java : 188] - Mapping servlet: 'dispatcherServlet' to [/]
2015-11-09 18:27:33,296 INFO [localhost-startStop-1] o.s.b.c.e.ServletRegistrationBean [ServletRegistrationBean.java : 188] - Mapping servlet: 'dispatcherServlet' to [/]
2015-11-09 18:27:33,300 INFO [localhost-startStop-1] o.s.b.c.e.FilterRegistrationBean [FilterRegistrationBean.java : 286] - Mapping filter: 'characterEncodingFilter' to: [/*]
2015-11-09 18:27:33,300 INFO [localhost-startStop-1] o.s.b.c.e.FilterRegistrationBean [FilterRegistrationBean.java : 286] - Mapping filter: 'characterEncodingFilter' to: [/*]
2015-11-09 18:27:33,301 INFO [localhost-startStop-1] o.s.b.c.e.FilterRegistrationBean [FilterRegistrationBean.java : 286] - Mapping filter: 'hiddenHttpMethodFilter' to: [/*]
2015-11-09 18:27:33,301 INFO [localhost-startStop-1] o.s.b.c.e.FilterRegistrationBean [FilterRegistrationBean.java : 286] - Mapping filter: 'hiddenHttpMethodFilter' to: [/*]
2015-11-09 18:27:33,438 INFO [main] o.s.w.s.m.m.a.RequestMappingHandlerAdapter [RequestMappingHandlerAdapter.java : 517] - Looking for @ControllerAdvice: org.springframework.boot.context.embedded.AnnotationConfigEmbeddedWebApplicationContext@4ad70ab0: startup date [Mon Nov 09 18:27:31 AST 2015]; root of context hierarchy
2015-11-09 18:27:33,438 INFO [main] o.s.w.s.m.m.a.RequestMappingHandlerAdapter [RequestMappingHandlerAdapter.java : 517] - Looking for @ControllerAdvice: org.springframework.boot.context.embedded.AnnotationConfigEmbeddedWebApplicationContext@4ad70ab0: startup date [Mon Nov 09 18:27:31 AST 2015]; root of context hierarchy
2015-11-09 18:27:33,486 INFO [main] o.s.w.s.m.m.a.RequestMappingHandlerMapping [AbstractHandlerMethodMapping.java : 217] - Mapped "{[/api/rate || /api/rate/{code} || /api/rate/{code}/{date}],methods=[GET],produces=[application/json]}" onto org.springframework.http.ResponseEntity<java.lang.String> ru.myrest.rate.CurrencyRateController.getRate(java.util.Map<java.lang.String, java.lang.String>)
2015-11-09 18:27:33,486 INFO [main] o.s.w.s.m.m.a.RequestMappingHandlerMapping [AbstractHandlerMethodMapping.java : 217] - Mapped "{[/api/rate || /api/rate/{code} || /api/rate/{code}/{date}],methods=[GET],produces=[application/json]}" onto org.springframework.http.ResponseEntity<java.lang.String> ru.myrest.rate.CurrencyRateController.getRate(java.util.Map<java.lang.String, java.lang.String>)
2015-11-09 18:27:33,488 INFO [main] o.s.w.s.m.m.a.RequestMappingHandlerMapping [AbstractHandlerMethodMapping.java : 217] - Mapped "{[/error]}" onto public org.springframework.http.ResponseEntity<java.util.Map<java.lang.String, java.lang.Object>> org.springframework.boot.autoconfigure.web.BasicErrorController.error(javax.servlet.http.HttpServletRequest)
2015-11-09 18:27:33,488 INFO [main] o.s.w.s.m.m.a.RequestMappingHandlerMapping [AbstractHandlerMethodMapping.java : 217] - Mapped "{[/error]}" onto public org.springframework.http.ResponseEntity<java.util.Map<java.lang.String, java.lang.Object>> org.springframework.boot.autoconfigure.web.BasicErrorController.error(javax.servlet.http.HttpServletRequest)
2015-11-09 18:27:33,489 INFO [main] o.s.w.s.m.m.a.RequestMappingHandlerMapping [AbstractHandlerMethodMapping.java : 217] - Mapped "{[/error],produces=[text/html]}" onto public org.springframework.web.servlet.ModelAndView org.springframework.boot.autoconfigure.web.BasicErrorController.errorHtml(javax.servlet.http.HttpServletRequest)
2015-11-09 18:27:33,489 INFO [main] o.s.w.s.m.m.a.RequestMappingHandlerMapping [AbstractHandlerMethodMapping.java : 217] - Mapped "{[/error],produces=[text/html]}" onto public org.springframework.web.servlet.ModelAndView org.springframework.boot.autoconfigure.web.BasicErrorController.errorHtml(javax.servlet.http.HttpServletRequest)
2015-11-09 18:27:33,512 INFO [main] o.s.w.s.h.SimpleUrlHandlerMapping [AbstractUrlHandlerMapping.java : 314] - Mapped URL path [/**] onto handler of type [class org.springframework.web.servlet.resource.ResourceHttpRequestHandler]
2015-11-09 18:27:33,512 INFO [main] o.s.w.s.h.SimpleUrlHandlerMapping [AbstractUrlHandlerMapping.java : 314] - Mapped URL path [/**] onto handler of type [class org.springframework.web.servlet.resource.ResourceHttpRequestHandler]
2015-11-09 18:27:33,512 INFO [main] o.s.w.s.h.SimpleUrlHandlerMapping [AbstractUrlHandlerMapping.java : 314] - Mapped URL path [/webjars/**] onto handler of type [class org.springframework.web.servlet.resource.ResourceHttpRequestHandler]
2015-11-09 18:27:33,512 INFO [main] o.s.w.s.h.SimpleUrlHandlerMapping [AbstractUrlHandlerMapping.java : 314] - Mapped URL path [/webjars/**] onto handler of type [class org.springframework.web.servlet.resource.ResourceHttpRequestHandler]
2015-11-09 18:27:33,541 INFO [main] o.s.w.s.h.SimpleUrlHandlerMapping [AbstractUrlHandlerMapping.java : 314] - Mapped URL path [/**/favicon.ico] onto handler of type [class org.springframework.web.servlet.resource.ResourceHttpRequestHandler]
2015-11-09 18:27:33,541 INFO [main] o.s.w.s.h.SimpleUrlHandlerMapping [AbstractUrlHandlerMapping.java : 314] - Mapped URL path [/**/favicon.ico] onto handler of type [class org.springframework.web.servlet.resource.ResourceHttpRequestHandler]
2015-11-09 18:27:33,585 INFO [main] o.s.j.e.a.AnnotationMBeanExporter [MBeanExporter.java : 431] - Registering beans for JMX exposure on startup
2015-11-09 18:27:33,585 INFO [main] o.s.j.e.a.AnnotationMBeanExporter [MBeanExporter.java : 431] - Registering beans for JMX exposure on startup
2015-11-09 18:27:33,608 INFO [main] o.a.c.h.Http11NioProtocol [DirectJDKLog.java : 180] - Initializing ProtocolHandler ["http-nio-8080"]
2015-11-09 18:27:33,614 INFO [main] o.a.c.h.Http11NioProtocol [DirectJDKLog.java : 180] - Starting ProtocolHandler ["http-nio-8080"]
2015-11-09 18:27:33,627 INFO [main] o.a.t.u.n.NioSelectorPool [DirectJDKLog.java : 180] - Using a shared selector for servlet write/read
2015-11-09 18:27:33,640 INFO [main] o.s.b.c.e.t.TomcatEmbeddedServletContainer [TomcatEmbeddedServletContainer.java : 159] - Tomcat started on port(s): 8080 (http)
2015-11-09 18:27:33,640 INFO [main] o.s.b.c.e.t.TomcatEmbeddedServletContainer [TomcatEmbeddedServletContainer.java : 159] - Tomcat started on port(s): 8080 (http)
2015-11-09 18:27:33,641 INFO [main] r.m.r.CurrencyRateController [StartupInfoLogger.java : 56] - Started CurrencyRateController in 2.358 seconds (JVM running for 2.743)
2015-11-09 18:27:33,641 INFO [main] r.m.r.CurrencyRateController [CurrencyRateController.java : 108] - Server started!
2015-11-09 18:28:04,849 INFO [http-nio-8080-exec-1] o.a.c.c.C.[.[.[/] [DirectJDKLog.java : 180] - Initializing Spring FrameworkServlet 'dispatcherServlet'
2015-11-09 18:28:04,849 INFO [http-nio-8080-exec-1] o.s.w.s.DispatcherServlet [FrameworkServlet.java : 485] - FrameworkServlet 'dispatcherServlet': initialization started
2015-11-09 18:28:04,849 INFO [http-nio-8080-exec-1] o.s.w.s.DispatcherServlet [FrameworkServlet.java : 485] - FrameworkServlet 'dispatcherServlet': initialization started
2015-11-09 18:28:04,859 INFO [http-nio-8080-exec-1] o.s.w.s.DispatcherServlet [FrameworkServlet.java : 504] - FrameworkServlet 'dispatcherServlet': initialization completed in 10 ms
2015-11-09 18:28:04,859 INFO [http-nio-8080-exec-1] o.s.w.s.DispatcherServlet [FrameworkServlet.java : 504] - FrameworkServlet 'dispatcherServlet': initialization completed in 10 ms
2015-11-09 18:28:06,081 WARN [http-nio-8080-exec-1] r.m.r.CurrencyRateController [CurrencyRateController.java : 63] - Курс для валюты = RUB не задан.
2015-11-09 18:28:18,208 WARN [http-nio-8080-exec-3] r.m.r.CurrencyRateController [CurrencyRateController.java : 45] - Код валюты должен состоять из трех латинских символов в верхнем регистре: US.
2015-11-09 18:29:35,763 WARN [http-nio-8080-exec-6] r.m.r.CurrencyRateController [CurrencyRateController.java : 58] - Курсы валют не найдены на дату = 2016-01-22.
2015-11-09 18:30:00,758 WARN [http-nio-8080-exec-8] r.m.r.CurrencyRateController [CurrencyRateController.java : 45] - Формат даты должен быть yyyy-MM-dd: 2016-01-.
2015-11-09 18:30:47,058 WARN [http-nio-8080-exec-2] r.m.r.CurrencyRateController [CurrencyRateController.java : 63] - Курс для валюты = USM не задан.
2015-11-09 18:31:32,538 WARN [http-nio-8080-exec-6] r.m.r.CurrencyRateController [CurrencyRateController.java : 63] - Курс для валюты = USM не задан.
2015-11-09 18:33:10,018 INFO [main] r.m.r.CurrencyRateController [StartupInfoLogger.java : 47] - Starting CurrencyRateController on sergey-HP1 with PID 6016 (C:\Users\sergey\workspace\currency-rate-api\target\classes started by sergey in C:\Users\sergey\workspace\currency-rate-api)
2015-11-09 18:33:10,039 INFO [main] o.s.b.c.e.AnnotationConfigEmbeddedWebApplicationContext [AbstractApplicationContext.java : 511] - Refreshing org.springframework.boot.context.embedded.AnnotationConfigEmbeddedWebApplicationContext@4ad70ab0: startup date [Mon Nov 09 18:33:10 AST 2015]; root of context hierarchy
2015-11-09 18:33:10,039 INFO [main] o.s.b.c.e.AnnotationConfigEmbeddedWebApplicationContext [AbstractApplicationContext.java : 511] - Refreshing org.springframework.boot.context.embedded.AnnotationConfigEmbeddedWebApplicationContext@4ad70ab0: startup date [Mon Nov 09 18:33:10 AST 2015]; root of context hierarchy
2015-11-09 18:33:10,490 INFO [main] o.s.b.f.s.DefaultListableBeanFactory [DefaultListableBeanFactory.java : 822] - Overriding bean definition for bean 'beanNameViewResolver': replacing [Root bean: class [null]; scope=; abstract=false; lazyInit=false; autowireMode=3; dependencyCheck=0; autowireCandidate=true; primary=false; factoryBeanName=org.springframework.boot.autoconfigure.web.ErrorMvcAutoConfiguration$WhitelabelErrorViewConfiguration; factoryMethodName=beanNameViewResolver; initMethodName=null; destroyMethodName=(inferred); defined in class path resource [org/springframework/boot/autoconfigure/web/ErrorMvcAutoConfiguration$WhitelabelErrorViewConfiguration.class]] with [Root bean: class [null]; scope=; abstract=false; lazyInit=false; autowireMode=3; dependencyCheck=0; autowireCandidate=true; primary=false; factoryBeanName=org.springframework.boot.autoconfigure.web.WebMvcAutoConfiguration$WebMvcAutoConfigurationAdapter; factoryMethodName=beanNameViewResolver; initMethodName=null; destroyMethodName=(inferred); defined in class path resource [org/springframework/boot/autoconfigure/web/WebMvcAutoConfiguration$WebMvcAutoConfigurationAdapter.class]]
2015-11-09 18:33:10,490 INFO [main] o.s.b.f.s.DefaultListableBeanFactory [DefaultListableBeanFactory.java : 822] - Overriding bean definition for bean 'beanNameViewResolver': replacing [Root bean: class [null]; scope=; abstract=false; lazyInit=false; autowireMode=3; dependencyCheck=0; autowireCandidate=true; primary=false; factoryBeanName=org.springframework.boot.autoconfigure.web.ErrorMvcAutoConfiguration$WhitelabelErrorViewConfiguration; factoryMethodName=beanNameViewResolver; initMethodName=null; destroyMethodName=(inferred); defined in class path resource [org/springframework/boot/autoconfigure/web/ErrorMvcAutoConfiguration$WhitelabelErrorViewConfiguration.class]] with [Root bean: class [null]; scope=; abstract=false; lazyInit=false; autowireMode=3; dependencyCheck=0; autowireCandidate=true; primary=false; factoryBeanName=org.springframework.boot.autoconfigure.web.WebMvcAutoConfiguration$WebMvcAutoConfigurationAdapter; factoryMethodName=beanNameViewResolver; initMethodName=null; destroyMethodName=(inferred); defined in class path resource [org/springframework/boot/autoconfigure/web/WebMvcAutoConfiguration$WebMvcAutoConfigurationAdapter.class]]
2015-11-09 18:33:10,692 INFO [main] o.h.v.i.u.Version [Version.java : 27] - HV000001: Hibernate Validator 5.1.3.Final
2015-11-09 18:33:10,979 INFO [main] o.s.b.c.e.t.TomcatEmbeddedServletContainer [TomcatEmbeddedServletContainer.java : 79] - Tomcat initialized with port(s): 8080 (http)
2015-11-09 18:33:10,979 INFO [main] o.s.b.c.e.t.TomcatEmbeddedServletContainer [TomcatEmbeddedServletContainer.java : 79] - Tomcat initialized with port(s): 8080 (http)
2015-11-09 18:33:11,109 INFO [main] o.a.c.c.StandardService [DirectJDKLog.java : 180] - Starting service Tomcat
2015-11-09 18:33:11,110 INFO [main] o.a.c.c.StandardEngine [DirectJDKLog.java : 180] - Starting Servlet Engine: Apache Tomcat/8.0.28
2015-11-09 18:33:11,182 INFO [localhost-startStop-1] o.a.c.c.C.[.[.[/] [DirectJDKLog.java : 180] - Initializing Spring embedded WebApplicationContext
2015-11-09 18:33:11,182 INFO [localhost-startStop-1] o.s.w.c.ContextLoader [EmbeddedWebApplicationContext.java : 268] - Root WebApplicationContext: initialization completed in 1143 ms
2015-11-09 18:33:11,182 INFO [localhost-startStop-1] o.s.w.c.ContextLoader [EmbeddedWebApplicationContext.java : 268] - Root WebApplicationContext: initialization completed in 1143 ms
2015-11-09 18:33:11,613 INFO [localhost-startStop-1] o.s.b.c.e.ServletRegistrationBean [ServletRegistrationBean.java : 188] - Mapping servlet: 'dispatcherServlet' to [/]
2015-11-09 18:33:11,613 INFO [localhost-startStop-1] o.s.b.c.e.ServletRegistrationBean [ServletRegistrationBean.java : 188] - Mapping servlet: 'dispatcherServlet' to [/]
2015-11-09 18:33:11,616 INFO [localhost-startStop-1] o.s.b.c.e.FilterRegistrationBean [FilterRegistrationBean.java : 286] - Mapping filter: 'characterEncodingFilter' to: [/*]
2015-11-09 18:33:11,616 INFO [localhost-startStop-1] o.s.b.c.e.FilterRegistrationBean [FilterRegistrationBean.java : 286] - Mapping filter: 'characterEncodingFilter' to: [/*]
2015-11-09 18:33:11,617 INFO [localhost-startStop-1] o.s.b.c.e.FilterRegistrationBean [FilterRegistrationBean.java : 286] - Mapping filter: 'hiddenHttpMethodFilter' to: [/*]
2015-11-09 18:33:11,617 INFO [localhost-startStop-1] o.s.b.c.e.FilterRegistrationBean [FilterRegistrationBean.java : 286] - Mapping filter: 'hiddenHttpMethodFilter' to: [/*]
2015-11-09 18:33:11,714 INFO [main] o.s.w.s.m.m.a.RequestMappingHandlerAdapter [RequestMappingHandlerAdapter.java : 517] - Looking for @ControllerAdvice: org.springframework.boot.context.embedded.AnnotationConfigEmbeddedWebApplicationContext@4ad70ab0: startup date [Mon Nov 09 18:33:10 AST 2015]; root of context hierarchy
2015-11-09 18:33:11,714 INFO [main] o.s.w.s.m.m.a.RequestMappingHandlerAdapter [RequestMappingHandlerAdapter.java : 517] - Looking for @ControllerAdvice: org.springframework.boot.context.embedded.AnnotationConfigEmbeddedWebApplicationContext@4ad70ab0: startup date [Mon Nov 09 18:33:10 AST 2015]; root of context hierarchy
2015-11-09 18:33:11,750 INFO [main] o.s.w.s.m.m.a.RequestMappingHandlerMapping [AbstractHandlerMethodMapping.java : 217] - Mapped "{[/api/rate || /api/rate/{code} || /api/rate/{code}/{date}],methods=[GET],produces=[application/json]}" onto org.springframework.http.ResponseEntity<java.lang.String> ru.myrest.rate.CurrencyRateController.getRate(java.util.Map<java.lang.String, java.lang.String>)
2015-11-09 18:33:11,750 INFO [main] o.s.w.s.m.m.a.RequestMappingHandlerMapping [AbstractHandlerMethodMapping.java : 217] - Mapped "{[/api/rate || /api/rate/{code} || /api/rate/{code}/{date}],methods=[GET],produces=[application/json]}" onto org.springframework.http.ResponseEntity<java.lang.String> ru.myrest.rate.CurrencyRateController.getRate(java.util.Map<java.lang.String, java.lang.String>)
2015-11-09 18:33:11,752 INFO [main] o.s.w.s.m.m.a.RequestMappingHandlerMapping [AbstractHandlerMethodMapping.java : 217] - Mapped "{[/error]}" onto public org.springframework.http.ResponseEntity<java.util.Map<java.lang.String, java.lang.Object>> org.springframework.boot.autoconfigure.web.BasicErrorController.error(javax.servlet.http.HttpServletRequest)
2015-11-09 18:33:11,752 INFO [main] o.s.w.s.m.m.a.RequestMappingHandlerMapping [AbstractHandlerMethodMapping.java : 217] - Mapped "{[/error]}" onto public org.springframework.http.ResponseEntity<java.util.Map<java.lang.String, java.lang.Object>> org.springframework.boot.autoconfigure.web.BasicErrorController.error(javax.servlet.http.HttpServletRequest)
2015-11-09 18:33:11,752 INFO [main] o.s.w.s.m.m.a.RequestMappingHandlerMapping [AbstractHandlerMethodMapping.java : 217] - Mapped "{[/error],produces=[text/html]}" onto public org.springframework.web.servlet.ModelAndView org.springframework.boot.autoconfigure.web.BasicErrorController.errorHtml(javax.servlet.http.HttpServletRequest)
2015-11-09 18:33:11,752 INFO [main] o.s.w.s.m.m.a.RequestMappingHandlerMapping [AbstractHandlerMethodMapping.java : 217] - Mapped "{[/error],produces=[text/html]}" onto public org.springframework.web.servlet.ModelAndView org.springframework.boot.autoconfigure.web.BasicErrorController.errorHtml(javax.servlet.http.HttpServletRequest)
2015-11-09 18:33:11,768 INFO [main] o.s.w.s.h.SimpleUrlHandlerMapping [AbstractUrlHandlerMapping.java : 314] - Mapped URL path [/**] onto handler of type [class org.springframework.web.servlet.resource.ResourceHttpRequestHandler]
2015-11-09 18:33:11,768 INFO [main] o.s.w.s.h.SimpleUrlHandlerMapping [AbstractUrlHandlerMapping.java : 314] - Mapped URL path [/**] onto handler of type [class org.springframework.web.servlet.resource.ResourceHttpRequestHandler]
2015-11-09 18:33:11,768 INFO [main] o.s.w.s.h.SimpleUrlHandlerMapping [AbstractUrlHandlerMapping.java : 314] - Mapped URL path [/webjars/**] onto handler of type [class org.springframework.web.servlet.resource.ResourceHttpRequestHandler]
2015-11-09 18:33:11,768 INFO [main] o.s.w.s.h.SimpleUrlHandlerMapping [AbstractUrlHandlerMapping.java : 314] - Mapped URL path [/webjars/**] onto handler of type [class org.springframework.web.servlet.resource.ResourceHttpRequestHandler]
2015-11-09 18:33:11,798 INFO [main] o.s.w.s.h.SimpleUrlHandlerMapping [AbstractUrlHandlerMapping.java : 314] - Mapped URL path [/**/favicon.ico] onto handler of type [class org.springframework.web.servlet.resource.ResourceHttpRequestHandler]
2015-11-09 18:33:11,798 INFO [main] o.s.w.s.h.SimpleUrlHandlerMapping [AbstractUrlHandlerMapping.java : 314] - Mapped URL path [/**/favicon.ico] onto handler of type [class org.springframework.web.servlet.resource.ResourceHttpRequestHandler]
2015-11-09 18:33:11,840 INFO [main] o.s.j.e.a.AnnotationMBeanExporter [MBeanExporter.java : 431] - Registering beans for JMX exposure on startup
2015-11-09 18:33:11,840 INFO [main] o.s.j.e.a.AnnotationMBeanExporter [MBeanExporter.java : 431] - Registering beans for JMX exposure on startup
2015-11-09 18:33:11,859 INFO [main] o.a.c.h.Http11NioProtocol [DirectJDKLog.java : 180] - Initializing ProtocolHandler ["http-nio-8080"]
2015-11-09 18:33:11,863 INFO [main] o.a.c.h.Http11NioProtocol [DirectJDKLog.java : 180] - Starting ProtocolHandler ["http-nio-8080"]
2015-11-09 18:33:11,872 INFO [main] o.a.t.u.n.NioSelectorPool [DirectJDKLog.java : 180] - Using a shared selector for servlet write/read
2015-11-09 18:33:11,884 INFO [main] o.s.b.c.e.t.TomcatEmbeddedServletContainer [TomcatEmbeddedServletContainer.java : 159] - Tomcat started on port(s): 8080 (http)
2015-11-09 18:33:11,884 INFO [main] o.s.b.c.e.t.TomcatEmbeddedServletContainer [TomcatEmbeddedServletContainer.java : 159] - Tomcat started on port(s): 8080 (http)
2015-11-09 18:33:11,885 INFO [main] r.m.r.CurrencyRateController [StartupInfoLogger.java : 56] - Started CurrencyRateController in 2.031 seconds (JVM running for 2.385)
2015-11-09 18:33:11,885 INFO [main] r.m.r.CurrencyRateController [CurrencyRateController.java : 108] - Server started!
2015-11-09 18:34:27,946 INFO [main] r.m.r.CurrencyRateController [StartupInfoLogger.java : 47] - Starting CurrencyRateController on sergey-HP1 with PID 9016 (C:\Users\sergey\workspace\currency-rate-api\target\classes started by sergey in C:\Users\sergey\workspace\currency-rate-api)
2015-11-09 18:34:27,968 INFO [main] o.s.b.c.e.AnnotationConfigEmbeddedWebApplicationContext [AbstractApplicationContext.java : 511] - Refreshing org.springframework.boot.context.embedded.AnnotationConfigEmbeddedWebApplicationContext@4ad70ab0: startup date [Mon Nov 09 18:34:27 AST 2015]; root of context hierarchy
2015-11-09 18:34:27,968 INFO [main] o.s.b.c.e.AnnotationConfigEmbeddedWebApplicationContext [AbstractApplicationContext.java : 511] - Refreshing org.springframework.boot.context.embedded.AnnotationConfigEmbeddedWebApplicationContext@4ad70ab0: startup date [Mon Nov 09 18:34:27 AST 2015]; root of context hierarchy
2015-11-09 18:34:28,436 INFO [main] o.s.b.f.s.DefaultListableBeanFactory [DefaultListableBeanFactory.java : 822] - Overriding bean definition for bean 'beanNameViewResolver': replacing [Root bean: class [null]; scope=; abstract=false; lazyInit=false; autowireMode=3; dependencyCheck=0; autowireCandidate=true; primary=false; factoryBeanName=org.springframework.boot.autoconfigure.web.ErrorMvcAutoConfiguration$WhitelabelErrorViewConfiguration; factoryMethodName=beanNameViewResolver; initMethodName=null; destroyMethodName=(inferred); defined in class path resource [org/springframework/boot/autoconfigure/web/ErrorMvcAutoConfiguration$WhitelabelErrorViewConfiguration.class]] with [Root bean: class [null]; scope=; abstract=false; lazyInit=false; autowireMode=3; dependencyCheck=0; autowireCandidate=true; primary=false; factoryBeanName=org.springframework.boot.autoconfigure.web.WebMvcAutoConfiguration$WebMvcAutoConfigurationAdapter; factoryMethodName=beanNameViewResolver; initMethodName=null; destroyMethodName=(inferred); defined in class path resource [org/springframework/boot/autoconfigure/web/WebMvcAutoConfiguration$WebMvcAutoConfigurationAdapter.class]]
2015-11-09 18:34:28,436 INFO [main] o.s.b.f.s.DefaultListableBeanFactory [DefaultListableBeanFactory.java : 822] - Overriding bean definition for bean 'beanNameViewResolver': replacing [Root bean: class [null]; scope=; abstract=false; lazyInit=false; autowireMode=3; dependencyCheck=0; autowireCandidate=true; primary=false; factoryBeanName=org.springframework.boot.autoconfigure.web.ErrorMvcAutoConfiguration$WhitelabelErrorViewConfiguration; factoryMethodName=beanNameViewResolver; initMethodName=null; destroyMethodName=(inferred); defined in class path resource [org/springframework/boot/autoconfigure/web/ErrorMvcAutoConfiguration$WhitelabelErrorViewConfiguration.class]] with [Root bean: class [null]; scope=; abstract=false; lazyInit=false; autowireMode=3; dependencyCheck=0; autowireCandidate=true; primary=false; factoryBeanName=org.springframework.boot.autoconfigure.web.WebMvcAutoConfiguration$WebMvcAutoConfigurationAdapter; factoryMethodName=beanNameViewResolver; initMethodName=null; destroyMethodName=(inferred); defined in class path resource [org/springframework/boot/autoconfigure/web/WebMvcAutoConfiguration$WebMvcAutoConfigurationAdapter.class]]
2015-11-09 18:34:28,630 INFO [main] o.h.v.i.u.Version [Version.java : 27] - HV000001: Hibernate Validator 5.1.3.Final
2015-11-09 18:34:28,971 INFO [main] o.s.b.c.e.t.TomcatEmbeddedServletContainer [TomcatEmbeddedServletContainer.java : 79] - Tomcat initialized with port(s): 8080 (http)
2015-11-09 18:34:28,971 INFO [main] o.s.b.c.e.t.TomcatEmbeddedServletContainer [TomcatEmbeddedServletContainer.java : 79] - Tomcat initialized with port(s): 8080 (http)
2015-11-09 18:34:29,107 INFO [main] o.a.c.c.StandardService [DirectJDKLog.java : 180] - Starting service Tomcat
2015-11-09 18:34:29,108 INFO [main] o.a.c.c.StandardEngine [DirectJDKLog.java : 180] - Starting Servlet Engine: Apache Tomcat/8.0.28
2015-11-09 18:34:29,197 INFO [localhost-startStop-1] o.a.c.c.C.[.[.[/] [DirectJDKLog.java : 180] - Initializing Spring embedded WebApplicationContext
2015-11-09 18:34:29,198 INFO [localhost-startStop-1] o.s.w.c.ContextLoader [EmbeddedWebApplicationContext.java : 268] - Root WebApplicationContext: initialization completed in 1231 ms
2015-11-09 18:34:29,198 INFO [localhost-startStop-1] o.s.w.c.ContextLoader [EmbeddedWebApplicationContext.java : 268] - Root WebApplicationContext: initialization completed in 1231 ms
2015-11-09 18:34:29,707 INFO [localhost-startStop-1] o.s.b.c.e.ServletRegistrationBean [ServletRegistrationBean.java : 188] - Mapping servlet: 'dispatcherServlet' to [/]
2015-11-09 18:34:29,707 INFO [localhost-startStop-1] o.s.b.c.e.ServletRegistrationBean [ServletRegistrationBean.java : 188] - Mapping servlet: 'dispatcherServlet' to [/]
2015-11-09 18:34:29,711 INFO [localhost-startStop-1] o.s.b.c.e.FilterRegistrationBean [FilterRegistrationBean.java : 286] - Mapping filter: 'characterEncodingFilter' to: [/*]
2015-11-09 18:34:29,711 INFO [localhost-startStop-1] o.s.b.c.e.FilterRegistrationBean [FilterRegistrationBean.java : 286] - Mapping filter: 'characterEncodingFilter' to: [/*]
2015-11-09 18:34:29,712 INFO [localhost-startStop-1] o.s.b.c.e.FilterRegistrationBean [FilterRegistrationBean.java : 286] - Mapping filter: 'hiddenHttpMethodFilter' to: [/*]
2015-11-09 18:34:29,712 INFO [localhost-startStop-1] o.s.b.c.e.FilterRegistrationBean [FilterRegistrationBean.java : 286] - Mapping filter: 'hiddenHttpMethodFilter' to: [/*]
2015-11-09 18:34:29,828 INFO [main] o.s.w.s.m.m.a.RequestMappingHandlerAdapter [RequestMappingHandlerAdapter.java : 517] - Looking for @ControllerAdvice: org.springframework.boot.context.embedded.AnnotationConfigEmbeddedWebApplicationContext@4ad70ab0: startup date [Mon Nov 09 18:34:27 AST 2015]; root of context hierarchy
2015-11-09 18:34:29,828 INFO [main] o.s.w.s.m.m.a.RequestMappingHandlerAdapter [RequestMappingHandlerAdapter.java : 517] - Looking for @ControllerAdvice: org.springframework.boot.context.embedded.AnnotationConfigEmbeddedWebApplicationContext@4ad70ab0: startup date [Mon Nov 09 18:34:27 AST 2015]; root of context hierarchy
2015-11-09 18:34:29,866 INFO [main] o.s.w.s.m.m.a.RequestMappingHandlerMapping [AbstractHandlerMethodMapping.java : 217] - Mapped "{[/api/rate || /api/rate/{code} || /api/rate/{code}/{date}],methods=[GET],produces=[application/json]}" onto org.springframework.http.ResponseEntity<java.lang.String> ru.myrest.rate.CurrencyRateController.getRate(java.util.Map<java.lang.String, java.lang.String>)
2015-11-09 18:34:29,866 INFO [main] o.s.w.s.m.m.a.RequestMappingHandlerMapping [AbstractHandlerMethodMapping.java : 217] - Mapped "{[/api/rate || /api/rate/{code} || /api/rate/{code}/{date}],methods=[GET],produces=[application/json]}" onto org.springframework.http.ResponseEntity<java.lang.String> ru.myrest.rate.CurrencyRateController.getRate(java.util.Map<java.lang.String, java.lang.String>)
2015-11-09 18:34:29,868 INFO [main] o.s.w.s.m.m.a.RequestMappingHandlerMapping [AbstractHandlerMethodMapping.java : 217] - Mapped "{[/error]}" onto public org.springframework.http.ResponseEntity<java.util.Map<java.lang.String, java.lang.Object>> org.springframework.boot.autoconfigure.web.BasicErrorController.error(javax.servlet.http.HttpServletRequest)
2015-11-09 18:34:29,868 INFO [main] o.s.w.s.m.m.a.RequestMappingHandlerMapping [AbstractHandlerMethodMapping.java : 217] - Mapped "{[/error]}" onto public org.springframework.http.ResponseEntity<java.util.Map<java.lang.String, java.lang.Object>> org.springframework.boot.autoconfigure.web.BasicErrorController.error(javax.servlet.http.HttpServletRequest)
2015-11-09 18:34:29,868 INFO [main] o.s.w.s.m.m.a.RequestMappingHandlerMapping [AbstractHandlerMethodMapping.java : 217] - Mapped "{[/error],produces=[text/html]}" onto public org.springframework.web.servlet.ModelAndView org.springframework.boot.autoconfigure.web.BasicErrorController.errorHtml(javax.servlet.http.HttpServletRequest)
2015-11-09 18:34:29,868 INFO [main] o.s.w.s.m.m.a.RequestMappingHandlerMapping [AbstractHandlerMethodMapping.java : 217] - Mapped "{[/error],produces=[text/html]}" onto public org.springframework.web.servlet.ModelAndView org.springframework.boot.autoconfigure.web.BasicErrorController.errorHtml(javax.servlet.http.HttpServletRequest)
2015-11-09 18:34:29,894 INFO [main] o.s.w.s.h.SimpleUrlHandlerMapping [AbstractUrlHandlerMapping.java : 314] - Mapped URL path [/**] onto handler of type [class org.springframework.web.servlet.resource.ResourceHttpRequestHandler]
2015-11-09 18:34:29,894 INFO [main] o.s.w.s.h.SimpleUrlHandlerMapping [AbstractUrlHandlerMapping.java : 314] - Mapped URL path [/**] onto handler of type [class org.springframework.web.servlet.resource.ResourceHttpRequestHandler]
2015-11-09 18:34:29,895 INFO [main] o.s.w.s.h.SimpleUrlHandlerMapping [AbstractUrlHandlerMapping.java : 314] - Mapped URL path [/webjars/**] onto handler of type [class org.springframework.web.servlet.resource.ResourceHttpRequestHandler]
2015-11-09 18:34:29,895 INFO [main] o.s.w.s.h.SimpleUrlHandlerMapping [AbstractUrlHandlerMapping.java : 314] - Mapped URL path [/webjars/**] onto handler of type [class org.springframework.web.servlet.resource.ResourceHttpRequestHandler]
2015-11-09 18:34:29,928 INFO [main] o.s.w.s.h.SimpleUrlHandlerMapping [AbstractUrlHandlerMapping.java : 314] - Mapped URL path [/**/favicon.ico] onto handler of type [class org.springframework.web.servlet.resource.ResourceHttpRequestHandler]
2015-11-09 18:34:29,928 INFO [main] o.s.w.s.h.SimpleUrlHandlerMapping [AbstractUrlHandlerMapping.java : 314] - Mapped URL path [/**/favicon.ico] onto handler of type [class org.springframework.web.servlet.resource.ResourceHttpRequestHandler]
2015-11-09 18:34:29,981 INFO [main] o.s.j.e.a.AnnotationMBeanExporter [MBeanExporter.java : 431] - Registering beans for JMX exposure on startup
2015-11-09 18:34:29,981 INFO [main] o.s.j.e.a.AnnotationMBeanExporter [MBeanExporter.java : 431] - Registering beans for JMX exposure on startup
2015-11-09 18:34:30,011 INFO [main] o.a.c.h.Http11NioProtocol [DirectJDKLog.java : 180] - Initializing ProtocolHandler ["http-nio-8080"]
2015-11-09 18:34:30,018 INFO [main] o.a.c.h.Http11NioProtocol [DirectJDKLog.java : 180] - Starting ProtocolHandler ["http-nio-8080"]
2015-11-09 18:34:30,032 INFO [main] o.a.t.u.n.NioSelectorPool [DirectJDKLog.java : 180] - Using a shared selector for servlet write/read
2015-11-09 18:34:30,048 INFO [main] o.s.b.c.e.t.TomcatEmbeddedServletContainer [TomcatEmbeddedServletContainer.java : 159] - Tomcat started on port(s): 8080 (http)
2015-11-09 18:34:30,048 INFO [main] o.s.b.c.e.t.TomcatEmbeddedServletContainer [TomcatEmbeddedServletContainer.java : 159] - Tomcat started on port(s): 8080 (http)
2015-11-09 18:34:30,049 INFO [main] r.m.r.CurrencyRateController [StartupInfoLogger.java : 56] - Started CurrencyRateController in 2.256 seconds (JVM running for 2.611)
2015-11-09 18:34:30,049 INFO [main] r.m.r.CurrencyRateController [CurrencyRateController.java : 108] - Server started!
2015-11-09 18:34:45,440 INFO [http-nio-8080-exec-1] o.a.c.c.C.[.[.[/] [DirectJDKLog.java : 180] - Initializing Spring FrameworkServlet 'dispatcherServlet'
2015-11-09 18:34:45,440 INFO [http-nio-8080-exec-1] o.s.w.s.DispatcherServlet [FrameworkServlet.java : 485] - FrameworkServlet 'dispatcherServlet': initialization started
2015-11-09 18:34:45,440 INFO [http-nio-8080-exec-1] o.s.w.s.DispatcherServlet [FrameworkServlet.java : 485] - FrameworkServlet 'dispatcherServlet': initialization started
2015-11-09 18:34:45,452 INFO [http-nio-8080-exec-1] o.s.w.s.DispatcherServlet [FrameworkServlet.java : 504] - FrameworkServlet 'dispatcherServlet': initialization completed in 12 ms
2015-11-09 18:34:45,452 INFO [http-nio-8080-exec-1] o.s.w.s.DispatcherServlet [FrameworkServlet.java : 504] - FrameworkServlet 'dispatcherServlet': initialization completed in 12 ms
2015-11-09 18:34:46,612 WARN [http-nio-8080-exec-1] r.m.r.CurrencyRateController [CurrencyRateController.java : 63] - Курс для валюты = USM не задан.
2015-11-09 18:35:22,581 INFO [main] r.m.r.CurrencyRateController [StartupInfoLogger.java : 47] - Starting CurrencyRateController on sergey-HP1 with PID 4768 (C:\Users\sergey\workspace\currency-rate-api\target\classes started by sergey in C:\Users\sergey\workspace\currency-rate-api)
2015-11-09 18:35:22,601 INFO [main] o.s.b.c.e.AnnotationConfigEmbeddedWebApplicationContext [AbstractApplicationContext.java : 511] - Refreshing org.springframework.boot.context.embedded.AnnotationConfigEmbeddedWebApplicationContext@4ad70ab0: startup date [Mon Nov 09 18:35:22 AST 2015]; root of context hierarchy
2015-11-09 18:35:22,601 INFO [main] o.s.b.c.e.AnnotationConfigEmbeddedWebApplicationContext [AbstractApplicationContext.java : 511] - Refreshing org.springframework.boot.context.embedded.AnnotationConfigEmbeddedWebApplicationContext@4ad70ab0: startup date [Mon Nov 09 18:35:22 AST 2015]; root of context hierarchy
2015-11-09 18:35:23,142 INFO [main] o.s.b.f.s.DefaultListableBeanFactory [DefaultListableBeanFactory.java : 822] - Overriding bean definition for bean 'beanNameViewResolver': replacing [Root bean: class [null]; scope=; abstract=false; lazyInit=false; autowireMode=3; dependencyCheck=0; autowireCandidate=true; primary=false; factoryBeanName=org.springframework.boot.autoconfigure.web.ErrorMvcAutoConfiguration$WhitelabelErrorViewConfiguration; factoryMethodName=beanNameViewResolver; initMethodName=null; destroyMethodName=(inferred); defined in class path resource [org/springframework/boot/autoconfigure/web/ErrorMvcAutoConfiguration$WhitelabelErrorViewConfiguration.class]] with [Root bean: class [null]; scope=; abstract=false; lazyInit=false; autowireMode=3; dependencyCheck=0; autowireCandidate=true; primary=false; factoryBeanName=org.springframework.boot.autoconfigure.web.WebMvcAutoConfiguration$WebMvcAutoConfigurationAdapter; factoryMethodName=beanNameViewResolver; initMethodName=null; destroyMethodName=(inferred); defined in class path resource [org/springframework/boot/autoconfigure/web/WebMvcAutoConfiguration$WebMvcAutoConfigurationAdapter.class]]
2015-11-09 18:35:23,142 INFO [main] o.s.b.f.s.DefaultListableBeanFactory [DefaultListableBeanFactory.java : 822] - Overriding bean definition for bean 'beanNameViewResolver': replacing [Root bean: class [null]; scope=; abstract=false; lazyInit=false; autowireMode=3; dependencyCheck=0; autowireCandidate=true; primary=false; factoryBeanName=org.springframework.boot.autoconfigure.web.ErrorMvcAutoConfiguration$WhitelabelErrorViewConfiguration; factoryMethodName=beanNameViewResolver; initMethodName=null; destroyMethodName=(inferred); defined in class path resource [org/springframework/boot/autoconfigure/web/ErrorMvcAutoConfiguration$WhitelabelErrorViewConfiguration.class]] with [Root bean: class [null]; scope=; abstract=false; lazyInit=false; autowireMode=3; dependencyCheck=0; autowireCandidate=true; primary=false; factoryBeanName=org.springframework.boot.autoconfigure.web.WebMvcAutoConfiguration$WebMvcAutoConfigurationAdapter; factoryMethodName=beanNameViewResolver; initMethodName=null; destroyMethodName=(inferred); defined in class path resource [org/springframework/boot/autoconfigure/web/WebMvcAutoConfiguration$WebMvcAutoConfigurationAdapter.class]]
2015-11-09 18:35:23,363 INFO [main] o.h.v.i.u.Version [Version.java : 27] - HV000001: Hibernate Validator 5.1.3.Final
2015-11-09 18:35:23,725 INFO [main] o.s.b.c.e.t.TomcatEmbeddedServletContainer [TomcatEmbeddedServletContainer.java : 79] - Tomcat initialized with port(s): 8080 (http)
2015-11-09 18:35:23,725 INFO [main] o.s.b.c.e.t.TomcatEmbeddedServletContainer [TomcatEmbeddedServletContainer.java : 79] - Tomcat initialized with port(s): 8080 (http)
2015-11-09 18:35:23,853 INFO [main] o.a.c.c.StandardService [DirectJDKLog.java : 180] - Starting service Tomcat
2015-11-09 18:35:23,854 INFO [main] o.a.c.c.StandardEngine [DirectJDKLog.java : 180] - Starting Servlet Engine: Apache Tomcat/8.0.28
2015-11-09 18:35:23,943 INFO [localhost-startStop-1] o.a.c.c.C.[.[.[/] [DirectJDKLog.java : 180] - Initializing Spring embedded WebApplicationContext
2015-11-09 18:35:23,943 INFO [localhost-startStop-1] o.s.w.c.ContextLoader [EmbeddedWebApplicationContext.java : 268] - Root WebApplicationContext: initialization completed in 1342 ms
2015-11-09 18:35:23,943 INFO [localhost-startStop-1] o.s.w.c.ContextLoader [EmbeddedWebApplicationContext.java : 268] - Root WebApplicationContext: initialization completed in 1342 ms
2015-11-09 18:35:24,470 INFO [localhost-startStop-1] o.s.b.c.e.ServletRegistrationBean [ServletRegistrationBean.java : 188] - Mapping servlet: 'dispatcherServlet' to [/]
2015-11-09 18:35:24,470 INFO [localhost-startStop-1] o.s.b.c.e.ServletRegistrationBean [ServletRegistrationBean.java : 188] - Mapping servlet: 'dispatcherServlet' to [/]
2015-11-09 18:35:24,473 INFO [localhost-startStop-1] o.s.b.c.e.FilterRegistrationBean [FilterRegistrationBean.java : 286] - Mapping filter: 'characterEncodingFilter' to: [/*]
2015-11-09 18:35:24,473 INFO [localhost-startStop-1] o.s.b.c.e.FilterRegistrationBean [FilterRegistrationBean.java : 286] - Mapping filter: 'characterEncodingFilter' to: [/*]
2015-11-09 18:35:24,474 INFO [localhost-startStop-1] o.s.b.c.e.FilterRegistrationBean [FilterRegistrationBean.java : 286] - Mapping filter: 'hiddenHttpMethodFilter' to: [/*]
2015-11-09 18:35:24,474 INFO [localhost-startStop-1] o.s.b.c.e.FilterRegistrationBean [FilterRegistrationBean.java : 286] - Mapping filter: 'hiddenHttpMethodFilter' to: [/*]
2015-11-09 18:35:24,591 INFO [main] o.s.w.s.m.m.a.RequestMappingHandlerAdapter [RequestMappingHandlerAdapter.java : 517] - Looking for @ControllerAdvice: org.springframework.boot.context.embedded.AnnotationConfigEmbeddedWebApplicationContext@4ad70ab0: startup date [Mon Nov 09 18:35:22 AST 2015]; root of context hierarchy
2015-11-09 18:35:24,591 INFO [main] o.s.w.s.m.m.a.RequestMappingHandlerAdapter [RequestMappingHandlerAdapter.java : 517] - Looking for @ControllerAdvice: org.springframework.boot.context.embedded.AnnotationConfigEmbeddedWebApplicationContext@4ad70ab0: startup date [Mon Nov 09 18:35:22 AST 2015]; root of context hierarchy
2015-11-09 18:35:24,641 INFO [main] o.s.w.s.m.m.a.RequestMappingHandlerMapping [AbstractHandlerMethodMapping.java : 217] - Mapped "{[/api/rate || /api/rate/{code} || /api/rate/{code}/{date}],methods=[GET],produces=[application/json]}" onto org.springframework.http.ResponseEntity<java.lang.String> ru.myrest.rate.CurrencyRateController.getRate(java.util.Map<java.lang.String, java.lang.String>)
2015-11-09 18:35:24,641 INFO [main] o.s.w.s.m.m.a.RequestMappingHandlerMapping [AbstractHandlerMethodMapping.java : 217] - Mapped "{[/api/rate || /api/rate/{code} || /api/rate/{code}/{date}],methods=[GET],produces=[application/json]}" onto org.springframework.http.ResponseEntity<java.lang.String> ru.myrest.rate.CurrencyRateController.getRate(java.util.Map<java.lang.String, java.lang.String>)
2015-11-09 18:35:24,643 INFO [main] o.s.w.s.m.m.a.RequestMappingHandlerMapping [AbstractHandlerMethodMapping.java : 217] - Mapped "{[/error]}" onto public org.springframework.http.ResponseEntity<java.util.Map<java.lang.String, java.lang.Object>> org.springframework.boot.autoconfigure.web.BasicErrorController.error(javax.servlet.http.HttpServletRequest)
2015-11-09 18:35:24,643 INFO [main] o.s.w.s.m.m.a.RequestMappingHandlerMapping [AbstractHandlerMethodMapping.java : 217] - Mapped "{[/error]}" onto public org.springframework.http.ResponseEntity<java.util.Map<java.lang.String, java.lang.Object>> org.springframework.boot.autoconfigure.web.BasicErrorController.error(javax.servlet.http.HttpServletRequest)
2015-11-09 18:35:24,643 INFO [main] o.s.w.s.m.m.a.RequestMappingHandlerMapping [AbstractHandlerMethodMapping.java : 217] - Mapped "{[/error],produces=[text/html]}" onto public org.springframework.web.servlet.ModelAndView org.springframework.boot.autoconfigure.web.BasicErrorController.errorHtml(javax.servlet.http.HttpServletRequest)
2015-11-09 18:35:24,643 INFO [main] o.s.w.s.m.m.a.RequestMappingHandlerMapping [AbstractHandlerMethodMapping.java : 217] - Mapped "{[/error],produces=[text/html]}" onto public org.springframework.web.servlet.ModelAndView org.springframework.boot.autoconfigure.web.BasicErrorController.errorHtml(javax.servlet.http.HttpServletRequest)
2015-11-09 18:35:24,664 INFO [main] o.s.w.s.h.SimpleUrlHandlerMapping [AbstractUrlHandlerMapping.java : 314] - Mapped URL path [/**] onto handler of type [class org.springframework.web.servlet.resource.ResourceHttpRequestHandler]
2015-11-09 18:35:24,664 INFO [main] o.s.w.s.h.SimpleUrlHandlerMapping [AbstractUrlHandlerMapping.java : 314] - Mapped URL path [/**] onto handler of type [class org.springframework.web.servlet.resource.ResourceHttpRequestHandler]
2015-11-09 18:35:24,665 INFO [main] o.s.w.s.h.SimpleUrlHandlerMapping [AbstractUrlHandlerMapping.java : 314] - Mapped URL path [/webjars/**] onto handler of type [class org.springframework.web.servlet.resource.ResourceHttpRequestHandler]
2015-11-09 18:35:24,665 INFO [main] o.s.w.s.h.SimpleUrlHandlerMapping [AbstractUrlHandlerMapping.java : 314] - Mapped URL path [/webjars/**] onto handler of type [class org.springframework.web.servlet.resource.ResourceHttpRequestHandler]
2015-11-09 18:35:24,694 INFO [main] o.s.w.s.h.SimpleUrlHandlerMapping [AbstractUrlHandlerMapping.java : 314] - Mapped URL path [/**/favicon.ico] onto handler of type [class org.springframework.web.servlet.resource.ResourceHttpRequestHandler]
2015-11-09 18:35:24,694 INFO [main] o.s.w.s.h.SimpleUrlHandlerMapping [AbstractUrlHandlerMapping.java : 314] - Mapped URL path [/**/favicon.ico] onto handler of type [class org.springframework.web.servlet.resource.ResourceHttpRequestHandler]
2015-11-09 18:35:24,750 INFO [main] o.s.j.e.a.AnnotationMBeanExporter [MBeanExporter.java : 431] - Registering beans for JMX exposure on startup
2015-11-09 18:35:24,750 INFO [main] o.s.j.e.a.AnnotationMBeanExporter [MBeanExporter.java : 431] - Registering beans for JMX exposure on startup
2015-11-09 18:35:24,775 INFO [main] o.a.c.h.Http11NioProtocol [DirectJDKLog.java : 180] - Initializing ProtocolHandler ["http-nio-8080"]
2015-11-09 18:35:24,782 INFO [main] o.a.c.h.Http11NioProtocol [DirectJDKLog.java : 180] - Starting ProtocolHandler ["http-nio-8080"]
2015-11-09 18:35:24,796 INFO [main] o.a.t.u.n.NioSelectorPool [DirectJDKLog.java : 180] - Using a shared selector for servlet write/read
2015-11-09 18:35:24,813 INFO [main] o.s.b.c.e.t.TomcatEmbeddedServletContainer [TomcatEmbeddedServletContainer.java : 159] - Tomcat started on port(s): 8080 (http)
2015-11-09 18:35:24,813 INFO [main] o.s.b.c.e.t.TomcatEmbeddedServletContainer [TomcatEmbeddedServletContainer.java : 159] - Tomcat started on port(s): 8080 (http)
2015-11-09 18:35:24,815 INFO [main] r.m.r.CurrencyRateController [StartupInfoLogger.java : 56] - Started CurrencyRateController in 2.457 seconds (JVM running for 2.874)
2015-11-09 18:35:24,815 INFO [main] r.m.r.CurrencyRateController [CurrencyRateController.java : 108] - Server started!
2015-11-09 18:35:27,560 INFO [http-nio-8080-exec-1] o.a.c.c.C.[.[.[/] [DirectJDKLog.java : 180] - Initializing Spring FrameworkServlet 'dispatcherServlet'
2015-11-09 18:35:27,560 INFO [http-nio-8080-exec-1] o.s.w.s.DispatcherServlet [FrameworkServlet.java : 485] - FrameworkServlet 'dispatcherServlet': initialization started
2015-11-09 18:35:27,560 INFO [http-nio-8080-exec-1] o.s.w.s.DispatcherServlet [FrameworkServlet.java : 485] - FrameworkServlet 'dispatcherServlet': initialization started
2015-11-09 18:35:27,570 INFO [http-nio-8080-exec-1] o.s.w.s.DispatcherServlet [FrameworkServlet.java : 504] - FrameworkServlet 'dispatcherServlet': initialization completed in 9 ms
2015-11-09 18:35:27,570 INFO [http-nio-8080-exec-1] o.s.w.s.DispatcherServlet [FrameworkServlet.java : 504] - FrameworkServlet 'dispatcherServlet': initialization completed in 9 ms
2015-11-09 18:35:28,795 WARN [http-nio-8080-exec-1] r.m.r.CurrencyRateController [CurrencyRateController.java : 63] - Курс валюты для кода USM не задан.
