2015-11-08 13:39:23,503 INFO [main] r.m.r.RateController [StartupInfoLogger.java : 47] - Starting RateController on sergey-HP1 with PID 5404 (C:\Users\sergey\workspace\rate\target\classes started by sergey in C:\Users\sergey\workspace\rate)
2015-11-08 13:39:23,524 INFO [main] o.s.b.c.e.AnnotationConfigEmbeddedWebApplicationContext [AbstractApplicationContext.java : 511] - Refreshing org.springframework.boot.context.embedded.AnnotationConfigEmbeddedWebApplicationContext@3cf89910: startup date [Sun Nov 08 13:39:23 AST 2015]; root of context hierarchy
2015-11-08 13:39:23,524 INFO [main] o.s.b.c.e.AnnotationConfigEmbeddedWebApplicationContext [AbstractApplicationContext.java : 511] - Refreshing org.springframework.boot.context.embedded.AnnotationConfigEmbeddedWebApplicationContext@3cf89910: startup date [Sun Nov 08 13:39:23 AST 2015]; root of context hierarchy
2015-11-08 13:39:23,871 INFO [main] o.s.b.f.s.DefaultListableBeanFactory [DefaultListableBeanFactory.java : 822] - Overriding bean definition for bean 'beanNameViewResolver': replacing [Root bean: class [null]; scope=; abstract=false; lazyInit=false; autowireMode=3; dependencyCheck=0; autowireCandidate=true; primary=false; factoryBeanName=org.springframework.boot.autoconfigure.web.ErrorMvcAutoConfiguration$WhitelabelErrorViewConfiguration; factoryMethodName=beanNameViewResolver; initMethodName=null; destroyMethodName=(inferred); defined in class path resource [org/springframework/boot/autoconfigure/web/ErrorMvcAutoConfiguration$WhitelabelErrorViewConfiguration.class]] with [Root bean: class [null]; scope=; abstract=false; lazyInit=false; autowireMode=3; dependencyCheck=0; autowireCandidate=true; primary=false; factoryBeanName=org.springframework.boot.autoconfigure.web.WebMvcAutoConfiguration$WebMvcAutoConfigurationAdapter; factoryMethodName=beanNameViewResolver; initMethodName=null; destroyMethodName=(inferred); defined in class path resource [org/springframework/boot/autoconfigure/web/WebMvcAutoConfiguration$WebMvcAutoConfigurationAdapter.class]]
2015-11-08 13:39:23,871 INFO [main] o.s.b.f.s.DefaultListableBeanFactory [DefaultListableBeanFactory.java : 822] - Overriding bean definition for bean 'beanNameViewResolver': replacing [Root bean: class [null]; scope=; abstract=false; lazyInit=false; autowireMode=3; dependencyCheck=0; autowireCandidate=true; primary=false; factoryBeanName=org.springframework.boot.autoconfigure.web.ErrorMvcAutoConfiguration$WhitelabelErrorViewConfiguration; factoryMethodName=beanNameViewResolver; initMethodName=null; destroyMethodName=(inferred); defined in class path resource [org/springframework/boot/autoconfigure/web/ErrorMvcAutoConfiguration$WhitelabelErrorViewConfiguration.class]] with [Root bean: class [null]; scope=; abstract=false; lazyInit=false; autowireMode=3; dependencyCheck=0; autowireCandidate=true; primary=false; factoryBeanName=org.springframework.boot.autoconfigure.web.WebMvcAutoConfiguration$WebMvcAutoConfigurationAdapter; factoryMethodName=beanNameViewResolver; initMethodName=null; destroyMethodName=(inferred); defined in class path resource [org/springframework/boot/autoconfigure/web/WebMvcAutoConfiguration$WebMvcAutoConfigurationAdapter.class]]
2015-11-08 13:39:24,041 INFO [main] o.h.v.i.u.Version [Version.java : 27] - HV000001: Hibernate Validator 5.1.3.Final
2015-11-08 13:39:24,300 INFO [main] o.s.b.c.e.t.TomcatEmbeddedServletContainer [TomcatEmbeddedServletContainer.java : 79] - Tomcat initialized with port(s): 8080 (http)
2015-11-08 13:39:24,300 INFO [main] o.s.b.c.e.t.TomcatEmbeddedServletContainer [TomcatEmbeddedServletContainer.java : 79] - Tomcat initialized with port(s): 8080 (http)
2015-11-08 13:39:24,418 INFO [main] o.a.c.c.StandardService [DirectJDKLog.java : 180] - Starting service Tomcat
2015-11-08 13:39:24,418 INFO [main] o.a.c.c.StandardEngine [DirectJDKLog.java : 180] - Starting Servlet Engine: Apache Tomcat/8.0.28
2015-11-08 13:39:24,491 INFO [localhost-startStop-1] o.a.c.c.C.[.[.[/] [DirectJDKLog.java : 180] - Initializing Spring embedded WebApplicationContext
2015-11-08 13:39:24,491 INFO [localhost-startStop-1] o.s.w.c.ContextLoader [EmbeddedWebApplicationContext.java : 268] - Root WebApplicationContext: initialization completed in 967 ms
2015-11-08 13:39:24,491 INFO [localhost-startStop-1] o.s.w.c.ContextLoader [EmbeddedWebApplicationContext.java : 268] - Root WebApplicationContext: initialization completed in 967 ms
2015-11-08 13:39:24,870 INFO [localhost-startStop-1] o.s.b.c.e.ServletRegistrationBean [ServletRegistrationBean.java : 188] - Mapping servlet: 'dispatcherServlet' to [/]
2015-11-08 13:39:24,870 INFO [localhost-startStop-1] o.s.b.c.e.ServletRegistrationBean [ServletRegistrationBean.java : 188] - Mapping servlet: 'dispatcherServlet' to [/]
2015-11-08 13:39:24,874 INFO [localhost-startStop-1] o.s.b.c.e.FilterRegistrationBean [FilterRegistrationBean.java : 286] - Mapping filter: 'characterEncodingFilter' to: [/*]
2015-11-08 13:39:24,874 INFO [localhost-startStop-1] o.s.b.c.e.FilterRegistrationBean [FilterRegistrationBean.java : 286] - Mapping filter: 'characterEncodingFilter' to: [/*]
2015-11-08 13:39:24,874 INFO [localhost-startStop-1] o.s.b.c.e.FilterRegistrationBean [FilterRegistrationBean.java : 286] - Mapping filter: 'hiddenHttpMethodFilter' to: [/*]
2015-11-08 13:39:24,874 INFO [localhost-startStop-1] o.s.b.c.e.FilterRegistrationBean [FilterRegistrationBean.java : 286] - Mapping filter: 'hiddenHttpMethodFilter' to: [/*]
2015-11-08 13:39:24,984 INFO [main] o.s.w.s.m.m.a.RequestMappingHandlerAdapter [RequestMappingHandlerAdapter.java : 517] - Looking for @ControllerAdvice: org.springframework.boot.context.embedded.AnnotationConfigEmbeddedWebApplicationContext@3cf89910: startup date [Sun Nov 08 13:39:23 AST 2015]; root of context hierarchy
2015-11-08 13:39:24,984 INFO [main] o.s.w.s.m.m.a.RequestMappingHandlerAdapter [RequestMappingHandlerAdapter.java : 517] - Looking for @ControllerAdvice: org.springframework.boot.context.embedded.AnnotationConfigEmbeddedWebApplicationContext@3cf89910: startup date [Sun Nov 08 13:39:23 AST 2015]; root of context hierarchy
2015-11-08 13:39:25,019 INFO [main] o.s.w.s.m.m.a.RequestMappingHandlerMapping [AbstractHandlerMethodMapping.java : 217] - Mapped "{[/api/rate || /api/rate/{code} || /api/rate/{code}/{date}],methods=[GET],produces=[application/json]}" onto org.springframework.http.ResponseEntity<java.lang.String> ru.myrest.rate.RateController.getRate(java.util.Map<java.lang.String, java.lang.String>)
2015-11-08 13:39:25,019 INFO [main] o.s.w.s.m.m.a.RequestMappingHandlerMapping [AbstractHandlerMethodMapping.java : 217] - Mapped "{[/api/rate || /api/rate/{code} || /api/rate/{code}/{date}],methods=[GET],produces=[application/json]}" onto org.springframework.http.ResponseEntity<java.lang.String> ru.myrest.rate.RateController.getRate(java.util.Map<java.lang.String, java.lang.String>)
2015-11-08 13:39:25,021 INFO [main] o.s.w.s.m.m.a.RequestMappingHandlerMapping [AbstractHandlerMethodMapping.java : 217] - Mapped "{[/error]}" onto public org.springframework.http.ResponseEntity<java.util.Map<java.lang.String, java.lang.Object>> org.springframework.boot.autoconfigure.web.BasicErrorController.error(javax.servlet.http.HttpServletRequest)
2015-11-08 13:39:25,021 INFO [main] o.s.w.s.m.m.a.RequestMappingHandlerMapping [AbstractHandlerMethodMapping.java : 217] - Mapped "{[/error]}" onto public org.springframework.http.ResponseEntity<java.util.Map<java.lang.String, java.lang.Object>> org.springframework.boot.autoconfigure.web.BasicErrorController.error(javax.servlet.http.HttpServletRequest)
2015-11-08 13:39:25,021 INFO [main] o.s.w.s.m.m.a.RequestMappingHandlerMapping [AbstractHandlerMethodMapping.java : 217] - Mapped "{[/error],produces=[text/html]}" onto public org.springframework.web.servlet.ModelAndView org.springframework.boot.autoconfigure.web.BasicErrorController.errorHtml(javax.servlet.http.HttpServletRequest)
2015-11-08 13:39:25,021 INFO [main] o.s.w.s.m.m.a.RequestMappingHandlerMapping [AbstractHandlerMethodMapping.java : 217] - Mapped "{[/error],produces=[text/html]}" onto public org.springframework.web.servlet.ModelAndView org.springframework.boot.autoconfigure.web.BasicErrorController.errorHtml(javax.servlet.http.HttpServletRequest)
2015-11-08 13:39:25,036 INFO [main] o.s.w.s.h.SimpleUrlHandlerMapping [AbstractUrlHandlerMapping.java : 314] - Mapped URL path [/**] onto handler of type [class org.springframework.web.servlet.resource.ResourceHttpRequestHandler]
2015-11-08 13:39:25,036 INFO [main] o.s.w.s.h.SimpleUrlHandlerMapping [AbstractUrlHandlerMapping.java : 314] - Mapped URL path [/**] onto handler of type [class org.springframework.web.servlet.resource.ResourceHttpRequestHandler]
2015-11-08 13:39:25,037 INFO [main] o.s.w.s.h.SimpleUrlHandlerMapping [AbstractUrlHandlerMapping.java : 314] - Mapped URL path [/webjars/**] onto handler of type [class org.springframework.web.servlet.resource.ResourceHttpRequestHandler]
2015-11-08 13:39:25,037 INFO [main] o.s.w.s.h.SimpleUrlHandlerMapping [AbstractUrlHandlerMapping.java : 314] - Mapped URL path [/webjars/**] onto handler of type [class org.springframework.web.servlet.resource.ResourceHttpRequestHandler]
2015-11-08 13:39:25,062 INFO [main] o.s.w.s.h.SimpleUrlHandlerMapping [AbstractUrlHandlerMapping.java : 314] - Mapped URL path [/**/favicon.ico] onto handler of type [class org.springframework.web.servlet.resource.ResourceHttpRequestHandler]
2015-11-08 13:39:25,062 INFO [main] o.s.w.s.h.SimpleUrlHandlerMapping [AbstractUrlHandlerMapping.java : 314] - Mapped URL path [/**/favicon.ico] onto handler of type [class org.springframework.web.servlet.resource.ResourceHttpRequestHandler]
2015-11-08 13:39:25,098 INFO [main] o.s.j.e.a.AnnotationMBeanExporter [MBeanExporter.java : 431] - Registering beans for JMX exposure on startup
2015-11-08 13:39:25,098 INFO [main] o.s.j.e.a.AnnotationMBeanExporter [MBeanExporter.java : 431] - Registering beans for JMX exposure on startup
2015-11-08 13:39:25,115 INFO [main] o.a.c.h.Http11NioProtocol [DirectJDKLog.java : 180] - Initializing ProtocolHandler ["http-nio-8080"]
2015-11-08 13:39:25,119 INFO [main] o.a.c.h.Http11NioProtocol [DirectJDKLog.java : 180] - Starting ProtocolHandler ["http-nio-8080"]
2015-11-08 13:39:25,127 INFO [main] o.a.t.u.n.NioSelectorPool [DirectJDKLog.java : 180] - Using a shared selector for servlet write/read
2015-11-08 13:39:25,138 INFO [main] o.s.b.c.e.t.TomcatEmbeddedServletContainer [TomcatEmbeddedServletContainer.java : 159] - Tomcat started on port(s): 8080 (http)
2015-11-08 13:39:25,138 INFO [main] o.s.b.c.e.t.TomcatEmbeddedServletContainer [TomcatEmbeddedServletContainer.java : 159] - Tomcat started on port(s): 8080 (http)
2015-11-08 13:39:25,139 INFO [main] r.m.r.RateController [StartupInfoLogger.java : 56] - Started RateController in 1.784 seconds (JVM running for 2.056)
2015-11-08 13:42:34,668 INFO [main] r.m.r.RateController [StartupInfoLogger.java : 47] - Starting RateController on sergey-HP1 with PID 3880 (C:\Users\sergey\workspace\rate\target\classes started by sergey in C:\Users\sergey\workspace\rate)
2015-11-08 13:42:34,689 INFO [main] o.s.b.c.e.AnnotationConfigEmbeddedWebApplicationContext [AbstractApplicationContext.java : 511] - Refreshing org.springframework.boot.context.embedded.AnnotationConfigEmbeddedWebApplicationContext@3cf89910: startup date [Sun Nov 08 13:42:34 AST 2015]; root of context hierarchy
2015-11-08 13:42:34,689 INFO [main] o.s.b.c.e.AnnotationConfigEmbeddedWebApplicationContext [AbstractApplicationContext.java : 511] - Refreshing org.springframework.boot.context.embedded.AnnotationConfigEmbeddedWebApplicationContext@3cf89910: startup date [Sun Nov 08 13:42:34 AST 2015]; root of context hierarchy
2015-11-08 13:42:35,055 INFO [main] o.s.b.f.s.DefaultListableBeanFactory [DefaultListableBeanFactory.java : 822] - Overriding bean definition for bean 'beanNameViewResolver': replacing [Root bean: class [null]; scope=; abstract=false; lazyInit=false; autowireMode=3; dependencyCheck=0; autowireCandidate=true; primary=false; factoryBeanName=org.springframework.boot.autoconfigure.web.ErrorMvcAutoConfiguration$WhitelabelErrorViewConfiguration; factoryMethodName=beanNameViewResolver; initMethodName=null; destroyMethodName=(inferred); defined in class path resource [org/springframework/boot/autoconfigure/web/ErrorMvcAutoConfiguration$WhitelabelErrorViewConfiguration.class]] with [Root bean: class [null]; scope=; abstract=false; lazyInit=false; autowireMode=3; dependencyCheck=0; autowireCandidate=true; primary=false; factoryBeanName=org.springframework.boot.autoconfigure.web.WebMvcAutoConfiguration$WebMvcAutoConfigurationAdapter; factoryMethodName=beanNameViewResolver; initMethodName=null; destroyMethodName=(inferred); defined in class path resource [org/springframework/boot/autoconfigure/web/WebMvcAutoConfiguration$WebMvcAutoConfigurationAdapter.class]]
2015-11-08 13:42:35,055 INFO [main] o.s.b.f.s.DefaultListableBeanFactory [DefaultListableBeanFactory.java : 822] - Overriding bean definition for bean 'beanNameViewResolver': replacing [Root bean: class [null]; scope=; abstract=false; lazyInit=false; autowireMode=3; dependencyCheck=0; autowireCandidate=true; primary=false; factoryBeanName=org.springframework.boot.autoconfigure.web.ErrorMvcAutoConfiguration$WhitelabelErrorViewConfiguration; factoryMethodName=beanNameViewResolver; initMethodName=null; destroyMethodName=(inferred); defined in class path resource [org/springframework/boot/autoconfigure/web/ErrorMvcAutoConfiguration$WhitelabelErrorViewConfiguration.class]] with [Root bean: class [null]; scope=; abstract=false; lazyInit=false; autowireMode=3; dependencyCheck=0; autowireCandidate=true; primary=false; factoryBeanName=org.springframework.boot.autoconfigure.web.WebMvcAutoConfiguration$WebMvcAutoConfigurationAdapter; factoryMethodName=beanNameViewResolver; initMethodName=null; destroyMethodName=(inferred); defined in class path resource [org/springframework/boot/autoconfigure/web/WebMvcAutoConfiguration$WebMvcAutoConfigurationAdapter.class]]
2015-11-08 13:42:35,231 INFO [main] o.h.v.i.u.Version [Version.java : 27] - HV000001: Hibernate Validator 5.1.3.Final
2015-11-08 13:42:35,483 INFO [main] o.s.b.c.e.t.TomcatEmbeddedServletContainer [TomcatEmbeddedServletContainer.java : 79] - Tomcat initialized with port(s): 8080 (http)
2015-11-08 13:42:35,483 INFO [main] o.s.b.c.e.t.TomcatEmbeddedServletContainer [TomcatEmbeddedServletContainer.java : 79] - Tomcat initialized with port(s): 8080 (http)
2015-11-08 13:42:35,603 INFO [main] o.a.c.c.StandardService [DirectJDKLog.java : 180] - Starting service Tomcat
2015-11-08 13:42:35,604 INFO [main] o.a.c.c.StandardEngine [DirectJDKLog.java : 180] - Starting Servlet Engine: Apache Tomcat/8.0.28
2015-11-08 13:42:35,680 INFO [localhost-startStop-1] o.a.c.c.C.[.[.[/] [DirectJDKLog.java : 180] - Initializing Spring embedded WebApplicationContext
2015-11-08 13:42:35,680 INFO [localhost-startStop-1] o.s.w.c.ContextLoader [EmbeddedWebApplicationContext.java : 268] - Root WebApplicationContext: initialization completed in 991 ms
2015-11-08 13:42:35,680 INFO [localhost-startStop-1] o.s.w.c.ContextLoader [EmbeddedWebApplicationContext.java : 268] - Root WebApplicationContext: initialization completed in 991 ms
2015-11-08 13:42:36,055 INFO [localhost-startStop-1] o.s.b.c.e.ServletRegistrationBean [ServletRegistrationBean.java : 188] - Mapping servlet: 'dispatcherServlet' to [/]
2015-11-08 13:42:36,055 INFO [localhost-startStop-1] o.s.b.c.e.ServletRegistrationBean [ServletRegistrationBean.java : 188] - Mapping servlet: 'dispatcherServlet' to [/]
2015-11-08 13:42:36,057 INFO [localhost-startStop-1] o.s.b.c.e.FilterRegistrationBean [FilterRegistrationBean.java : 286] - Mapping filter: 'characterEncodingFilter' to: [/*]
2015-11-08 13:42:36,057 INFO [localhost-startStop-1] o.s.b.c.e.FilterRegistrationBean [FilterRegistrationBean.java : 286] - Mapping filter: 'characterEncodingFilter' to: [/*]
2015-11-08 13:42:36,058 INFO [localhost-startStop-1] o.s.b.c.e.FilterRegistrationBean [FilterRegistrationBean.java : 286] - Mapping filter: 'hiddenHttpMethodFilter' to: [/*]
2015-11-08 13:42:36,058 INFO [localhost-startStop-1] o.s.b.c.e.FilterRegistrationBean [FilterRegistrationBean.java : 286] - Mapping filter: 'hiddenHttpMethodFilter' to: [/*]
2015-11-08 13:42:36,165 INFO [main] o.s.w.s.m.m.a.RequestMappingHandlerAdapter [RequestMappingHandlerAdapter.java : 517] - Looking for @ControllerAdvice: org.springframework.boot.context.embedded.AnnotationConfigEmbeddedWebApplicationContext@3cf89910: startup date [Sun Nov 08 13:42:34 AST 2015]; root of context hierarchy
2015-11-08 13:42:36,165 INFO [main] o.s.w.s.m.m.a.RequestMappingHandlerAdapter [RequestMappingHandlerAdapter.java : 517] - Looking for @ControllerAdvice: org.springframework.boot.context.embedded.AnnotationConfigEmbeddedWebApplicationContext@3cf89910: startup date [Sun Nov 08 13:42:34 AST 2015]; root of context hierarchy
2015-11-08 13:42:36,200 INFO [main] o.s.w.s.m.m.a.RequestMappingHandlerMapping [AbstractHandlerMethodMapping.java : 217] - Mapped "{[/api/rate || /api/rate/{code} || /api/rate/{code}/{date}],methods=[GET],produces=[application/json]}" onto org.springframework.http.ResponseEntity<java.lang.String> ru.myrest.rate.RateController.getRate(java.util.Map<java.lang.String, java.lang.String>)
2015-11-08 13:42:36,200 INFO [main] o.s.w.s.m.m.a.RequestMappingHandlerMapping [AbstractHandlerMethodMapping.java : 217] - Mapped "{[/api/rate || /api/rate/{code} || /api/rate/{code}/{date}],methods=[GET],produces=[application/json]}" onto org.springframework.http.ResponseEntity<java.lang.String> ru.myrest.rate.RateController.getRate(java.util.Map<java.lang.String, java.lang.String>)
2015-11-08 13:42:36,202 INFO [main] o.s.w.s.m.m.a.RequestMappingHandlerMapping [AbstractHandlerMethodMapping.java : 217] - Mapped "{[/error]}" onto public org.springframework.http.ResponseEntity<java.util.Map<java.lang.String, java.lang.Object>> org.springframework.boot.autoconfigure.web.BasicErrorController.error(javax.servlet.http.HttpServletRequest)
2015-11-08 13:42:36,202 INFO [main] o.s.w.s.m.m.a.RequestMappingHandlerMapping [AbstractHandlerMethodMapping.java : 217] - Mapped "{[/error]}" onto public org.springframework.http.ResponseEntity<java.util.Map<java.lang.String, java.lang.Object>> org.springframework.boot.autoconfigure.web.BasicErrorController.error(javax.servlet.http.HttpServletRequest)
2015-11-08 13:42:36,202 INFO [main] o.s.w.s.m.m.a.RequestMappingHandlerMapping [AbstractHandlerMethodMapping.java : 217] - Mapped "{[/error],produces=[text/html]}" onto public org.springframework.web.servlet.ModelAndView org.springframework.boot.autoconfigure.web.BasicErrorController.errorHtml(javax.servlet.http.HttpServletRequest)
2015-11-08 13:42:36,202 INFO [main] o.s.w.s.m.m.a.RequestMappingHandlerMapping [AbstractHandlerMethodMapping.java : 217] - Mapped "{[/error],produces=[text/html]}" onto public org.springframework.web.servlet.ModelAndView org.springframework.boot.autoconfigure.web.BasicErrorController.errorHtml(javax.servlet.http.HttpServletRequest)
2015-11-08 13:42:36,217 INFO [main] o.s.w.s.h.SimpleUrlHandlerMapping [AbstractUrlHandlerMapping.java : 314] - Mapped URL path [/**] onto handler of type [class org.springframework.web.servlet.resource.ResourceHttpRequestHandler]
2015-11-08 13:42:36,217 INFO [main] o.s.w.s.h.SimpleUrlHandlerMapping [AbstractUrlHandlerMapping.java : 314] - Mapped URL path [/**] onto handler of type [class org.springframework.web.servlet.resource.ResourceHttpRequestHandler]
2015-11-08 13:42:36,218 INFO [main] o.s.w.s.h.SimpleUrlHandlerMapping [AbstractUrlHandlerMapping.java : 314] - Mapped URL path [/webjars/**] onto handler of type [class org.springframework.web.servlet.resource.ResourceHttpRequestHandler]
2015-11-08 13:42:36,218 INFO [main] o.s.w.s.h.SimpleUrlHandlerMapping [AbstractUrlHandlerMapping.java : 314] - Mapped URL path [/webjars/**] onto handler of type [class org.springframework.web.servlet.resource.ResourceHttpRequestHandler]
2015-11-08 13:42:36,246 INFO [main] o.s.w.s.h.SimpleUrlHandlerMapping [AbstractUrlHandlerMapping.java : 314] - Mapped URL path [/**/favicon.ico] onto handler of type [class org.springframework.web.servlet.resource.ResourceHttpRequestHandler]
2015-11-08 13:42:36,246 INFO [main] o.s.w.s.h.SimpleUrlHandlerMapping [AbstractUrlHandlerMapping.java : 314] - Mapped URL path [/**/favicon.ico] onto handler of type [class org.springframework.web.servlet.resource.ResourceHttpRequestHandler]
2015-11-08 13:42:36,284 INFO [main] o.s.j.e.a.AnnotationMBeanExporter [MBeanExporter.java : 431] - Registering beans for JMX exposure on startup
2015-11-08 13:42:36,284 INFO [main] o.s.j.e.a.AnnotationMBeanExporter [MBeanExporter.java : 431] - Registering beans for JMX exposure on startup
2015-11-08 13:42:36,301 INFO [main] o.a.c.h.Http11NioProtocol [DirectJDKLog.java : 180] - Initializing ProtocolHandler ["http-nio-8080"]
2015-11-08 13:42:36,305 INFO [main] o.a.c.h.Http11NioProtocol [DirectJDKLog.java : 180] - Starting ProtocolHandler ["http-nio-8080"]
2015-11-08 13:42:36,314 INFO [main] o.a.t.u.n.NioSelectorPool [DirectJDKLog.java : 180] - Using a shared selector for servlet write/read
2015-11-08 13:42:36,324 INFO [main] o.s.b.c.e.t.TomcatEmbeddedServletContainer [TomcatEmbeddedServletContainer.java : 159] - Tomcat started on port(s): 8080 (http)
2015-11-08 13:42:36,324 INFO [main] o.s.b.c.e.t.TomcatEmbeddedServletContainer [TomcatEmbeddedServletContainer.java : 159] - Tomcat started on port(s): 8080 (http)
2015-11-08 13:42:36,325 INFO [main] r.m.r.RateController [StartupInfoLogger.java : 56] - Started RateController in 1.804 seconds (JVM running for 2.08)
2015-11-08 13:59:29,670 INFO [main] r.m.r.RateController [StartupInfoLogger.java : 47] - Starting RateController on sergey-HP1 with PID 6520 (C:\Users\sergey\workspace\rate\target\classes started by sergey in C:\Users\sergey\workspace\rate)
2015-11-08 13:59:29,690 INFO [main] o.s.b.c.e.AnnotationConfigEmbeddedWebApplicationContext [AbstractApplicationContext.java : 511] - Refreshing org.springframework.boot.context.embedded.AnnotationConfigEmbeddedWebApplicationContext@341ad6e5: startup date [Sun Nov 08 13:59:29 AST 2015]; root of context hierarchy
2015-11-08 13:59:29,690 INFO [main] o.s.b.c.e.AnnotationConfigEmbeddedWebApplicationContext [AbstractApplicationContext.java : 511] - Refreshing org.springframework.boot.context.embedded.AnnotationConfigEmbeddedWebApplicationContext@341ad6e5: startup date [Sun Nov 08 13:59:29 AST 2015]; root of context hierarchy
2015-11-08 13:59:30,070 INFO [main] o.s.b.f.s.DefaultListableBeanFactory [DefaultListableBeanFactory.java : 822] - Overriding bean definition for bean 'beanNameViewResolver': replacing [Root bean: class [null]; scope=; abstract=false; lazyInit=false; autowireMode=3; dependencyCheck=0; autowireCandidate=true; primary=false; factoryBeanName=org.springframework.boot.autoconfigure.web.ErrorMvcAutoConfiguration$WhitelabelErrorViewConfiguration; factoryMethodName=beanNameViewResolver; initMethodName=null; destroyMethodName=(inferred); defined in class path resource [org/springframework/boot/autoconfigure/web/ErrorMvcAutoConfiguration$WhitelabelErrorViewConfiguration.class]] with [Root bean: class [null]; scope=; abstract=false; lazyInit=false; autowireMode=3; dependencyCheck=0; autowireCandidate=true; primary=false; factoryBeanName=org.springframework.boot.autoconfigure.web.WebMvcAutoConfiguration$WebMvcAutoConfigurationAdapter; factoryMethodName=beanNameViewResolver; initMethodName=null; destroyMethodName=(inferred); defined in class path resource [org/springframework/boot/autoconfigure/web/WebMvcAutoConfiguration$WebMvcAutoConfigurationAdapter.class]]
2015-11-08 13:59:30,070 INFO [main] o.s.b.f.s.DefaultListableBeanFactory [DefaultListableBeanFactory.java : 822] - Overriding bean definition for bean 'beanNameViewResolver': replacing [Root bean: class [null]; scope=; abstract=false; lazyInit=false; autowireMode=3; dependencyCheck=0; autowireCandidate=true; primary=false; factoryBeanName=org.springframework.boot.autoconfigure.web.ErrorMvcAutoConfiguration$WhitelabelErrorViewConfiguration; factoryMethodName=beanNameViewResolver; initMethodName=null; destroyMethodName=(inferred); defined in class path resource [org/springframework/boot/autoconfigure/web/ErrorMvcAutoConfiguration$WhitelabelErrorViewConfiguration.class]] with [Root bean: class [null]; scope=; abstract=false; lazyInit=false; autowireMode=3; dependencyCheck=0; autowireCandidate=true; primary=false; factoryBeanName=org.springframework.boot.autoconfigure.web.WebMvcAutoConfiguration$WebMvcAutoConfigurationAdapter; factoryMethodName=beanNameViewResolver; initMethodName=null; destroyMethodName=(inferred); defined in class path resource [org/springframework/boot/autoconfigure/web/WebMvcAutoConfiguration$WebMvcAutoConfigurationAdapter.class]]
2015-11-08 13:59:30,239 INFO [main] o.h.v.i.u.Version [Version.java : 27] - HV000001: Hibernate Validator 5.1.3.Final
2015-11-08 13:59:30,505 INFO [main] o.s.b.c.e.t.TomcatEmbeddedServletContainer [TomcatEmbeddedServletContainer.java : 79] - Tomcat initialized with port(s): 8080 (http)
2015-11-08 13:59:30,505 INFO [main] o.s.b.c.e.t.TomcatEmbeddedServletContainer [TomcatEmbeddedServletContainer.java : 79] - Tomcat initialized with port(s): 8080 (http)
2015-11-08 13:59:30,624 INFO [main] o.a.c.c.StandardService [DirectJDKLog.java : 180] - Starting service Tomcat
2015-11-08 13:59:30,625 INFO [main] o.a.c.c.StandardEngine [DirectJDKLog.java : 180] - Starting Servlet Engine: Apache Tomcat/8.0.28
2015-11-08 13:59:30,697 INFO [localhost-startStop-1] o.a.c.c.C.[.[.[/] [DirectJDKLog.java : 180] - Initializing Spring embedded WebApplicationContext
2015-11-08 13:59:30,698 INFO [localhost-startStop-1] o.s.w.c.ContextLoader [EmbeddedWebApplicationContext.java : 268] - Root WebApplicationContext: initialization completed in 1008 ms
2015-11-08 13:59:30,698 INFO [localhost-startStop-1] o.s.w.c.ContextLoader [EmbeddedWebApplicationContext.java : 268] - Root WebApplicationContext: initialization completed in 1008 ms
2015-11-08 13:59:31,072 INFO [localhost-startStop-1] o.s.b.c.e.ServletRegistrationBean [ServletRegistrationBean.java : 188] - Mapping servlet: 'dispatcherServlet' to [/]
2015-11-08 13:59:31,072 INFO [localhost-startStop-1] o.s.b.c.e.ServletRegistrationBean [ServletRegistrationBean.java : 188] - Mapping servlet: 'dispatcherServlet' to [/]
2015-11-08 13:59:31,075 INFO [localhost-startStop-1] o.s.b.c.e.FilterRegistrationBean [FilterRegistrationBean.java : 286] - Mapping filter: 'characterEncodingFilter' to: [/*]
2015-11-08 13:59:31,075 INFO [localhost-startStop-1] o.s.b.c.e.FilterRegistrationBean [FilterRegistrationBean.java : 286] - Mapping filter: 'characterEncodingFilter' to: [/*]
2015-11-08 13:59:31,075 INFO [localhost-startStop-1] o.s.b.c.e.FilterRegistrationBean [FilterRegistrationBean.java : 286] - Mapping filter: 'hiddenHttpMethodFilter' to: [/*]
2015-11-08 13:59:31,075 INFO [localhost-startStop-1] o.s.b.c.e.FilterRegistrationBean [FilterRegistrationBean.java : 286] - Mapping filter: 'hiddenHttpMethodFilter' to: [/*]
2015-11-08 13:59:31,182 INFO [main] o.s.w.s.m.m.a.RequestMappingHandlerAdapter [RequestMappingHandlerAdapter.java : 517] - Looking for @ControllerAdvice: org.springframework.boot.context.embedded.AnnotationConfigEmbeddedWebApplicationContext@341ad6e5: startup date [Sun Nov 08 13:59:29 AST 2015]; root of context hierarchy
2015-11-08 13:59:31,182 INFO [main] o.s.w.s.m.m.a.RequestMappingHandlerAdapter [RequestMappingHandlerAdapter.java : 517] - Looking for @ControllerAdvice: org.springframework.boot.context.embedded.AnnotationConfigEmbeddedWebApplicationContext@341ad6e5: startup date [Sun Nov 08 13:59:29 AST 2015]; root of context hierarchy
2015-11-08 13:59:31,217 INFO [main] o.s.w.s.m.m.a.RequestMappingHandlerMapping [AbstractHandlerMethodMapping.java : 217] - Mapped "{[/api/rate || /api/rate/{code} || /api/rate/{code}/{date}],methods=[GET],produces=[application/json]}" onto org.springframework.http.ResponseEntity<java.lang.String> ru.myrest.rate.RateController.getRate(java.util.Map<java.lang.String, java.lang.String>)
2015-11-08 13:59:31,217 INFO [main] o.s.w.s.m.m.a.RequestMappingHandlerMapping [AbstractHandlerMethodMapping.java : 217] - Mapped "{[/api/rate || /api/rate/{code} || /api/rate/{code}/{date}],methods=[GET],produces=[application/json]}" onto org.springframework.http.ResponseEntity<java.lang.String> ru.myrest.rate.RateController.getRate(java.util.Map<java.lang.String, java.lang.String>)
2015-11-08 13:59:31,219 INFO [main] o.s.w.s.m.m.a.RequestMappingHandlerMapping [AbstractHandlerMethodMapping.java : 217] - Mapped "{[/error]}" onto public org.springframework.http.ResponseEntity<java.util.Map<java.lang.String, java.lang.Object>> org.springframework.boot.autoconfigure.web.BasicErrorController.error(javax.servlet.http.HttpServletRequest)
2015-11-08 13:59:31,219 INFO [main] o.s.w.s.m.m.a.RequestMappingHandlerMapping [AbstractHandlerMethodMapping.java : 217] - Mapped "{[/error]}" onto public org.springframework.http.ResponseEntity<java.util.Map<java.lang.String, java.lang.Object>> org.springframework.boot.autoconfigure.web.BasicErrorController.error(javax.servlet.http.HttpServletRequest)
2015-11-08 13:59:31,219 INFO [main] o.s.w.s.m.m.a.RequestMappingHandlerMapping [AbstractHandlerMethodMapping.java : 217] - Mapped "{[/error],produces=[text/html]}" onto public org.springframework.web.servlet.ModelAndView org.springframework.boot.autoconfigure.web.BasicErrorController.errorHtml(javax.servlet.http.HttpServletRequest)
2015-11-08 13:59:31,219 INFO [main] o.s.w.s.m.m.a.RequestMappingHandlerMapping [AbstractHandlerMethodMapping.java : 217] - Mapped "{[/error],produces=[text/html]}" onto public org.springframework.web.servlet.ModelAndView org.springframework.boot.autoconfigure.web.BasicErrorController.errorHtml(javax.servlet.http.HttpServletRequest)
2015-11-08 13:59:31,234 INFO [main] o.s.w.s.h.SimpleUrlHandlerMapping [AbstractUrlHandlerMapping.java : 314] - Mapped URL path [/**] onto handler of type [class org.springframework.web.servlet.resource.ResourceHttpRequestHandler]
2015-11-08 13:59:31,234 INFO [main] o.s.w.s.h.SimpleUrlHandlerMapping [AbstractUrlHandlerMapping.java : 314] - Mapped URL path [/**] onto handler of type [class org.springframework.web.servlet.resource.ResourceHttpRequestHandler]
2015-11-08 13:59:31,234 INFO [main] o.s.w.s.h.SimpleUrlHandlerMapping [AbstractUrlHandlerMapping.java : 314] - Mapped URL path [/webjars/**] onto handler of type [class org.springframework.web.servlet.resource.ResourceHttpRequestHandler]
2015-11-08 13:59:31,234 INFO [main] o.s.w.s.h.SimpleUrlHandlerMapping [AbstractUrlHandlerMapping.java : 314] - Mapped URL path [/webjars/**] onto handler of type [class org.springframework.web.servlet.resource.ResourceHttpRequestHandler]
2015-11-08 13:59:31,261 INFO [main] o.s.w.s.h.SimpleUrlHandlerMapping [AbstractUrlHandlerMapping.java : 314] - Mapped URL path [/**/favicon.ico] onto handler of type [class org.springframework.web.servlet.resource.ResourceHttpRequestHandler]
2015-11-08 13:59:31,261 INFO [main] o.s.w.s.h.SimpleUrlHandlerMapping [AbstractUrlHandlerMapping.java : 314] - Mapped URL path [/**/favicon.ico] onto handler of type [class org.springframework.web.servlet.resource.ResourceHttpRequestHandler]
2015-11-08 13:59:31,298 INFO [main] o.s.j.e.a.AnnotationMBeanExporter [MBeanExporter.java : 431] - Registering beans for JMX exposure on startup
2015-11-08 13:59:31,298 INFO [main] o.s.j.e.a.AnnotationMBeanExporter [MBeanExporter.java : 431] - Registering beans for JMX exposure on startup
2015-11-08 13:59:31,315 INFO [main] o.a.c.h.Http11NioProtocol [DirectJDKLog.java : 180] - Initializing ProtocolHandler ["http-nio-8080"]
2015-11-08 13:59:31,319 INFO [main] o.a.c.h.Http11NioProtocol [DirectJDKLog.java : 180] - Starting ProtocolHandler ["http-nio-8080"]
2015-11-08 13:59:31,327 INFO [main] o.a.t.u.n.NioSelectorPool [DirectJDKLog.java : 180] - Using a shared selector for servlet write/read
2015-11-08 13:59:31,337 INFO [main] o.s.b.c.e.t.TomcatEmbeddedServletContainer [TomcatEmbeddedServletContainer.java : 159] - Tomcat started on port(s): 8080 (http)
2015-11-08 13:59:31,337 INFO [main] o.s.b.c.e.t.TomcatEmbeddedServletContainer [TomcatEmbeddedServletContainer.java : 159] - Tomcat started on port(s): 8080 (http)
2015-11-08 13:59:31,338 INFO [main] r.m.r.RateController [StartupInfoLogger.java : 56] - Started RateController in 1.815 seconds (JVM running for 2.093)
2015-11-08 13:59:35,956 INFO [http-nio-8080-exec-1] o.a.c.c.C.[.[.[/] [DirectJDKLog.java : 180] - Initializing Spring FrameworkServlet 'dispatcherServlet'
2015-11-08 13:59:35,956 INFO [http-nio-8080-exec-1] o.s.w.s.DispatcherServlet [FrameworkServlet.java : 485] - FrameworkServlet 'dispatcherServlet': initialization started
2015-11-08 13:59:35,956 INFO [http-nio-8080-exec-1] o.s.w.s.DispatcherServlet [FrameworkServlet.java : 485] - FrameworkServlet 'dispatcherServlet': initialization started
2015-11-08 13:59:35,966 INFO [http-nio-8080-exec-1] o.s.w.s.DispatcherServlet [FrameworkServlet.java : 504] - FrameworkServlet 'dispatcherServlet': initialization completed in 10 ms
2015-11-08 13:59:35,966 INFO [http-nio-8080-exec-1] o.s.w.s.DispatcherServlet [FrameworkServlet.java : 504] - FrameworkServlet 'dispatcherServlet': initialization completed in 10 ms
2015-11-08 13:59:35,982 INFO [http-nio-8080-exec-1] r.m.r.RateController [RateController.java : 35] - hello
2015-11-08 14:23:50,584 INFO [main] r.m.r.RateController [StartupInfoLogger.java : 47] - Starting RateController on sergey-HP1 with PID 6900 (C:\Users\sergey\workspace\rate\target\classes started by sergey in C:\Users\sergey\workspace\rate)
2015-11-08 14:23:50,605 INFO [main] o.s.b.c.e.AnnotationConfigEmbeddedWebApplicationContext [AbstractApplicationContext.java : 511] - Refreshing org.springframework.boot.context.embedded.AnnotationConfigEmbeddedWebApplicationContext@33f0c408: startup date [Sun Nov 08 14:23:50 AST 2015]; root of context hierarchy
2015-11-08 14:23:50,605 INFO [main] o.s.b.c.e.AnnotationConfigEmbeddedWebApplicationContext [AbstractApplicationContext.java : 511] - Refreshing org.springframework.boot.context.embedded.AnnotationConfigEmbeddedWebApplicationContext@33f0c408: startup date [Sun Nov 08 14:23:50 AST 2015]; root of context hierarchy
2015-11-08 14:23:50,953 INFO [main] o.s.b.f.s.DefaultListableBeanFactory [DefaultListableBeanFactory.java : 822] - Overriding bean definition for bean 'beanNameViewResolver': replacing [Root bean: class [null]; scope=; abstract=false; lazyInit=false; autowireMode=3; dependencyCheck=0; autowireCandidate=true; primary=false; factoryBeanName=org.springframework.boot.autoconfigure.web.ErrorMvcAutoConfiguration$WhitelabelErrorViewConfiguration; factoryMethodName=beanNameViewResolver; initMethodName=null; destroyMethodName=(inferred); defined in class path resource [org/springframework/boot/autoconfigure/web/ErrorMvcAutoConfiguration$WhitelabelErrorViewConfiguration.class]] with [Root bean: class [null]; scope=; abstract=false; lazyInit=false; autowireMode=3; dependencyCheck=0; autowireCandidate=true; primary=false; factoryBeanName=org.springframework.boot.autoconfigure.web.WebMvcAutoConfiguration$WebMvcAutoConfigurationAdapter; factoryMethodName=beanNameViewResolver; initMethodName=null; destroyMethodName=(inferred); defined in class path resource [org/springframework/boot/autoconfigure/web/WebMvcAutoConfiguration$WebMvcAutoConfigurationAdapter.class]]
2015-11-08 14:23:50,953 INFO [main] o.s.b.f.s.DefaultListableBeanFactory [DefaultListableBeanFactory.java : 822] - Overriding bean definition for bean 'beanNameViewResolver': replacing [Root bean: class [null]; scope=; abstract=false; lazyInit=false; autowireMode=3; dependencyCheck=0; autowireCandidate=true; primary=false; factoryBeanName=org.springframework.boot.autoconfigure.web.ErrorMvcAutoConfiguration$WhitelabelErrorViewConfiguration; factoryMethodName=beanNameViewResolver; initMethodName=null; destroyMethodName=(inferred); defined in class path resource [org/springframework/boot/autoconfigure/web/ErrorMvcAutoConfiguration$WhitelabelErrorViewConfiguration.class]] with [Root bean: class [null]; scope=; abstract=false; lazyInit=false; autowireMode=3; dependencyCheck=0; autowireCandidate=true; primary=false; factoryBeanName=org.springframework.boot.autoconfigure.web.WebMvcAutoConfiguration$WebMvcAutoConfigurationAdapter; factoryMethodName=beanNameViewResolver; initMethodName=null; destroyMethodName=(inferred); defined in class path resource [org/springframework/boot/autoconfigure/web/WebMvcAutoConfiguration$WebMvcAutoConfigurationAdapter.class]]
2015-11-08 14:23:51,125 INFO [main] o.h.v.i.u.Version [Version.java : 27] - HV000001: Hibernate Validator 5.1.3.Final
2015-11-08 14:23:51,379 INFO [main] o.s.b.c.e.t.TomcatEmbeddedServletContainer [TomcatEmbeddedServletContainer.java : 79] - Tomcat initialized with port(s): 8080 (http)
2015-11-08 14:23:51,379 INFO [main] o.s.b.c.e.t.TomcatEmbeddedServletContainer [TomcatEmbeddedServletContainer.java : 79] - Tomcat initialized with port(s): 8080 (http)
2015-11-08 14:23:51,498 INFO [main] o.a.c.c.StandardService [DirectJDKLog.java : 180] - Starting service Tomcat
2015-11-08 14:23:51,499 INFO [main] o.a.c.c.StandardEngine [DirectJDKLog.java : 180] - Starting Servlet Engine: Apache Tomcat/8.0.28
2015-11-08 14:23:51,574 INFO [localhost-startStop-1] o.a.c.c.C.[.[.[/] [DirectJDKLog.java : 180] - Initializing Spring embedded WebApplicationContext
2015-11-08 14:23:51,574 INFO [localhost-startStop-1] o.s.w.c.ContextLoader [EmbeddedWebApplicationContext.java : 268] - Root WebApplicationContext: initialization completed in 969 ms
2015-11-08 14:23:51,574 INFO [localhost-startStop-1] o.s.w.c.ContextLoader [EmbeddedWebApplicationContext.java : 268] - Root WebApplicationContext: initialization completed in 969 ms
2015-11-08 14:23:51,948 INFO [localhost-startStop-1] o.s.b.c.e.ServletRegistrationBean [ServletRegistrationBean.java : 188] - Mapping servlet: 'dispatcherServlet' to [/]
2015-11-08 14:23:51,948 INFO [localhost-startStop-1] o.s.b.c.e.ServletRegistrationBean [ServletRegistrationBean.java : 188] - Mapping servlet: 'dispatcherServlet' to [/]
2015-11-08 14:23:51,950 INFO [localhost-startStop-1] o.s.b.c.e.FilterRegistrationBean [FilterRegistrationBean.java : 286] - Mapping filter: 'characterEncodingFilter' to: [/*]
2015-11-08 14:23:51,950 INFO [localhost-startStop-1] o.s.b.c.e.FilterRegistrationBean [FilterRegistrationBean.java : 286] - Mapping filter: 'characterEncodingFilter' to: [/*]
2015-11-08 14:23:51,951 INFO [localhost-startStop-1] o.s.b.c.e.FilterRegistrationBean [FilterRegistrationBean.java : 286] - Mapping filter: 'hiddenHttpMethodFilter' to: [/*]
2015-11-08 14:23:51,951 INFO [localhost-startStop-1] o.s.b.c.e.FilterRegistrationBean [FilterRegistrationBean.java : 286] - Mapping filter: 'hiddenHttpMethodFilter' to: [/*]
2015-11-08 14:23:52,058 INFO [main] o.s.w.s.m.m.a.RequestMappingHandlerAdapter [RequestMappingHandlerAdapter.java : 517] - Looking for @ControllerAdvice: org.springframework.boot.context.embedded.AnnotationConfigEmbeddedWebApplicationContext@33f0c408: startup date [Sun Nov 08 14:23:50 AST 2015]; root of context hierarchy
2015-11-08 14:23:52,058 INFO [main] o.s.w.s.m.m.a.RequestMappingHandlerAdapter [RequestMappingHandlerAdapter.java : 517] - Looking for @ControllerAdvice: org.springframework.boot.context.embedded.AnnotationConfigEmbeddedWebApplicationContext@33f0c408: startup date [Sun Nov 08 14:23:50 AST 2015]; root of context hierarchy
2015-11-08 14:23:52,093 INFO [main] o.s.w.s.m.m.a.RequestMappingHandlerMapping [AbstractHandlerMethodMapping.java : 217] - Mapped "{[/api/rate || /api/rate/{code} || /api/rate/{code}/{date}],methods=[GET],produces=[application/json]}" onto org.springframework.http.ResponseEntity<java.lang.String> ru.myrest.rate.RateController.getRate(java.util.Map<java.lang.String, java.lang.String>)
2015-11-08 14:23:52,093 INFO [main] o.s.w.s.m.m.a.RequestMappingHandlerMapping [AbstractHandlerMethodMapping.java : 217] - Mapped "{[/api/rate || /api/rate/{code} || /api/rate/{code}/{date}],methods=[GET],produces=[application/json]}" onto org.springframework.http.ResponseEntity<java.lang.String> ru.myrest.rate.RateController.getRate(java.util.Map<java.lang.String, java.lang.String>)
2015-11-08 14:23:52,095 INFO [main] o.s.w.s.m.m.a.RequestMappingHandlerMapping [AbstractHandlerMethodMapping.java : 217] - Mapped "{[/error]}" onto public org.springframework.http.ResponseEntity<java.util.Map<java.lang.String, java.lang.Object>> org.springframework.boot.autoconfigure.web.BasicErrorController.error(javax.servlet.http.HttpServletRequest)
2015-11-08 14:23:52,095 INFO [main] o.s.w.s.m.m.a.RequestMappingHandlerMapping [AbstractHandlerMethodMapping.java : 217] - Mapped "{[/error]}" onto public org.springframework.http.ResponseEntity<java.util.Map<java.lang.String, java.lang.Object>> org.springframework.boot.autoconfigure.web.BasicErrorController.error(javax.servlet.http.HttpServletRequest)
2015-11-08 14:23:52,095 INFO [main] o.s.w.s.m.m.a.RequestMappingHandlerMapping [AbstractHandlerMethodMapping.java : 217] - Mapped "{[/error],produces=[text/html]}" onto public org.springframework.web.servlet.ModelAndView org.springframework.boot.autoconfigure.web.BasicErrorController.errorHtml(javax.servlet.http.HttpServletRequest)
2015-11-08 14:23:52,095 INFO [main] o.s.w.s.m.m.a.RequestMappingHandlerMapping [AbstractHandlerMethodMapping.java : 217] - Mapped "{[/error],produces=[text/html]}" onto public org.springframework.web.servlet.ModelAndView org.springframework.boot.autoconfigure.web.BasicErrorController.errorHtml(javax.servlet.http.HttpServletRequest)
2015-11-08 14:23:52,110 INFO [main] o.s.w.s.h.SimpleUrlHandlerMapping [AbstractUrlHandlerMapping.java : 314] - Mapped URL path [/**] onto handler of type [class org.springframework.web.servlet.resource.ResourceHttpRequestHandler]
2015-11-08 14:23:52,110 INFO [main] o.s.w.s.h.SimpleUrlHandlerMapping [AbstractUrlHandlerMapping.java : 314] - Mapped URL path [/**] onto handler of type [class org.springframework.web.servlet.resource.ResourceHttpRequestHandler]
2015-11-08 14:23:52,110 INFO [main] o.s.w.s.h.SimpleUrlHandlerMapping [AbstractUrlHandlerMapping.java : 314] - Mapped URL path [/webjars/**] onto handler of type [class org.springframework.web.servlet.resource.ResourceHttpRequestHandler]
2015-11-08 14:23:52,110 INFO [main] o.s.w.s.h.SimpleUrlHandlerMapping [AbstractUrlHandlerMapping.java : 314] - Mapped URL path [/webjars/**] onto handler of type [class org.springframework.web.servlet.resource.ResourceHttpRequestHandler]
2015-11-08 14:23:52,136 INFO [main] o.s.w.s.h.SimpleUrlHandlerMapping [AbstractUrlHandlerMapping.java : 314] - Mapped URL path [/**/favicon.ico] onto handler of type [class org.springframework.web.servlet.resource.ResourceHttpRequestHandler]
2015-11-08 14:23:52,136 INFO [main] o.s.w.s.h.SimpleUrlHandlerMapping [AbstractUrlHandlerMapping.java : 314] - Mapped URL path [/**/favicon.ico] onto handler of type [class org.springframework.web.servlet.resource.ResourceHttpRequestHandler]
2015-11-08 14:23:52,173 INFO [main] o.s.j.e.a.AnnotationMBeanExporter [MBeanExporter.java : 431] - Registering beans for JMX exposure on startup
2015-11-08 14:23:52,173 INFO [main] o.s.j.e.a.AnnotationMBeanExporter [MBeanExporter.java : 431] - Registering beans for JMX exposure on startup
2015-11-08 14:23:52,190 INFO [main] o.a.c.h.Http11NioProtocol [DirectJDKLog.java : 180] - Initializing ProtocolHandler ["http-nio-8080"]
2015-11-08 14:23:52,194 INFO [main] o.a.c.h.Http11NioProtocol [DirectJDKLog.java : 180] - Starting ProtocolHandler ["http-nio-8080"]
2015-11-08 14:23:52,202 INFO [main] o.a.t.u.n.NioSelectorPool [DirectJDKLog.java : 180] - Using a shared selector for servlet write/read
2015-11-08 14:23:52,212 INFO [main] o.s.b.c.e.t.TomcatEmbeddedServletContainer [TomcatEmbeddedServletContainer.java : 159] - Tomcat started on port(s): 8080 (http)
2015-11-08 14:23:52,212 INFO [main] o.s.b.c.e.t.TomcatEmbeddedServletContainer [TomcatEmbeddedServletContainer.java : 159] - Tomcat started on port(s): 8080 (http)
2015-11-08 14:23:52,213 INFO [main] r.m.r.RateController [StartupInfoLogger.java : 56] - Started RateController in 1.779 seconds (JVM running for 2.06)
2015-11-08 14:23:57,127 INFO [http-nio-8080-exec-1] o.a.c.c.C.[.[.[/] [DirectJDKLog.java : 180] - Initializing Spring FrameworkServlet 'dispatcherServlet'
2015-11-08 14:23:57,128 INFO [http-nio-8080-exec-1] o.s.w.s.DispatcherServlet [FrameworkServlet.java : 485] - FrameworkServlet 'dispatcherServlet': initialization started
2015-11-08 14:23:57,128 INFO [http-nio-8080-exec-1] o.s.w.s.DispatcherServlet [FrameworkServlet.java : 485] - FrameworkServlet 'dispatcherServlet': initialization started
2015-11-08 14:23:57,137 INFO [http-nio-8080-exec-1] o.s.w.s.DispatcherServlet [FrameworkServlet.java : 504] - FrameworkServlet 'dispatcherServlet': initialization completed in 9 ms
2015-11-08 14:23:57,137 INFO [http-nio-8080-exec-1] o.s.w.s.DispatcherServlet [FrameworkServlet.java : 504] - FrameworkServlet 'dispatcherServlet': initialization completed in 9 ms
2015-11-08 14:23:57,153 WARN [http-nio-8080-exec-1] r.m.r.RateController [RateController.java : 57] - В запросе не указан код валюты.
2015-11-08 14:24:34,053 WARN [http-nio-8080-exec-3] r.m.r.RateController [RateController.java : 62] - Код валюты должен состоять из трех латинских символов в верхнем регистре: sf.
2015-11-08 14:25:19,497 WARN [http-nio-8080-exec-7] r.m.r.RateController [RateController.java : 79] - Формат даты должен быть yyyy-MM-dd: RUB.
2015-11-08 14:30:18,247 INFO [main] r.m.r.RateController [StartupInfoLogger.java : 47] - Starting RateController on sergey-HP1 with PID 5484 (C:\Users\sergey\workspace\rate\target\classes started by sergey in C:\Users\sergey\workspace\rate)
2015-11-08 14:30:18,269 INFO [main] o.s.b.c.e.AnnotationConfigEmbeddedWebApplicationContext [AbstractApplicationContext.java : 511] - Refreshing org.springframework.boot.context.embedded.AnnotationConfigEmbeddedWebApplicationContext@1d3e4f82: startup date [Sun Nov 08 14:30:18 AST 2015]; root of context hierarchy
2015-11-08 14:30:18,269 INFO [main] o.s.b.c.e.AnnotationConfigEmbeddedWebApplicationContext [AbstractApplicationContext.java : 511] - Refreshing org.springframework.boot.context.embedded.AnnotationConfigEmbeddedWebApplicationContext@1d3e4f82: startup date [Sun Nov 08 14:30:18 AST 2015]; root of context hierarchy
2015-11-08 14:30:18,632 INFO [main] o.s.b.f.s.DefaultListableBeanFactory [DefaultListableBeanFactory.java : 822] - Overriding bean definition for bean 'beanNameViewResolver': replacing [Root bean: class [null]; scope=; abstract=false; lazyInit=false; autowireMode=3; dependencyCheck=0; autowireCandidate=true; primary=false; factoryBeanName=org.springframework.boot.autoconfigure.web.ErrorMvcAutoConfiguration$WhitelabelErrorViewConfiguration; factoryMethodName=beanNameViewResolver; initMethodName=null; destroyMethodName=(inferred); defined in class path resource [org/springframework/boot/autoconfigure/web/ErrorMvcAutoConfiguration$WhitelabelErrorViewConfiguration.class]] with [Root bean: class [null]; scope=; abstract=false; lazyInit=false; autowireMode=3; dependencyCheck=0; autowireCandidate=true; primary=false; factoryBeanName=org.springframework.boot.autoconfigure.web.WebMvcAutoConfiguration$WebMvcAutoConfigurationAdapter; factoryMethodName=beanNameViewResolver; initMethodName=null; destroyMethodName=(inferred); defined in class path resource [org/springframework/boot/autoconfigure/web/WebMvcAutoConfiguration$WebMvcAutoConfigurationAdapter.class]]
2015-11-08 14:30:18,632 INFO [main] o.s.b.f.s.DefaultListableBeanFactory [DefaultListableBeanFactory.java : 822] - Overriding bean definition for bean 'beanNameViewResolver': replacing [Root bean: class [null]; scope=; abstract=false; lazyInit=false; autowireMode=3; dependencyCheck=0; autowireCandidate=true; primary=false; factoryBeanName=org.springframework.boot.autoconfigure.web.ErrorMvcAutoConfiguration$WhitelabelErrorViewConfiguration; factoryMethodName=beanNameViewResolver; initMethodName=null; destroyMethodName=(inferred); defined in class path resource [org/springframework/boot/autoconfigure/web/ErrorMvcAutoConfiguration$WhitelabelErrorViewConfiguration.class]] with [Root bean: class [null]; scope=; abstract=false; lazyInit=false; autowireMode=3; dependencyCheck=0; autowireCandidate=true; primary=false; factoryBeanName=org.springframework.boot.autoconfigure.web.WebMvcAutoConfiguration$WebMvcAutoConfigurationAdapter; factoryMethodName=beanNameViewResolver; initMethodName=null; destroyMethodName=(inferred); defined in class path resource [org/springframework/boot/autoconfigure/web/WebMvcAutoConfiguration$WebMvcAutoConfigurationAdapter.class]]
2015-11-08 14:30:18,819 INFO [main] o.h.v.i.u.Version [Version.java : 27] - HV000001: Hibernate Validator 5.1.3.Final
2015-11-08 14:30:19,072 INFO [main] o.s.b.c.e.t.TomcatEmbeddedServletContainer [TomcatEmbeddedServletContainer.java : 79] - Tomcat initialized with port(s): 8080 (http)
2015-11-08 14:30:19,072 INFO [main] o.s.b.c.e.t.TomcatEmbeddedServletContainer [TomcatEmbeddedServletContainer.java : 79] - Tomcat initialized with port(s): 8080 (http)
2015-11-08 14:30:19,191 INFO [main] o.a.c.c.StandardService [DirectJDKLog.java : 180] - Starting service Tomcat
2015-11-08 14:30:19,192 INFO [main] o.a.c.c.StandardEngine [DirectJDKLog.java : 180] - Starting Servlet Engine: Apache Tomcat/8.0.28
2015-11-08 14:30:19,268 INFO [localhost-startStop-1] o.a.c.c.C.[.[.[/] [DirectJDKLog.java : 180] - Initializing Spring embedded WebApplicationContext
2015-11-08 14:30:19,268 INFO [localhost-startStop-1] o.s.w.c.ContextLoader [EmbeddedWebApplicationContext.java : 268] - Root WebApplicationContext: initialization completed in 1000 ms
2015-11-08 14:30:19,268 INFO [localhost-startStop-1] o.s.w.c.ContextLoader [EmbeddedWebApplicationContext.java : 268] - Root WebApplicationContext: initialization completed in 1000 ms
2015-11-08 14:30:19,646 INFO [localhost-startStop-1] o.s.b.c.e.ServletRegistrationBean [ServletRegistrationBean.java : 188] - Mapping servlet: 'dispatcherServlet' to [/]
2015-11-08 14:30:19,646 INFO [localhost-startStop-1] o.s.b.c.e.ServletRegistrationBean [ServletRegistrationBean.java : 188] - Mapping servlet: 'dispatcherServlet' to [/]
2015-11-08 14:30:19,649 INFO [localhost-startStop-1] o.s.b.c.e.FilterRegistrationBean [FilterRegistrationBean.java : 286] - Mapping filter: 'characterEncodingFilter' to: [/*]
2015-11-08 14:30:19,649 INFO [localhost-startStop-1] o.s.b.c.e.FilterRegistrationBean [FilterRegistrationBean.java : 286] - Mapping filter: 'characterEncodingFilter' to: [/*]
2015-11-08 14:30:19,650 INFO [localhost-startStop-1] o.s.b.c.e.FilterRegistrationBean [FilterRegistrationBean.java : 286] - Mapping filter: 'hiddenHttpMethodFilter' to: [/*]
2015-11-08 14:30:19,650 INFO [localhost-startStop-1] o.s.b.c.e.FilterRegistrationBean [FilterRegistrationBean.java : 286] - Mapping filter: 'hiddenHttpMethodFilter' to: [/*]
2015-11-08 14:30:19,755 INFO [main] o.s.w.s.m.m.a.RequestMappingHandlerAdapter [RequestMappingHandlerAdapter.java : 517] - Looking for @ControllerAdvice: org.springframework.boot.context.embedded.AnnotationConfigEmbeddedWebApplicationContext@1d3e4f82: startup date [Sun Nov 08 14:30:18 AST 2015]; root of context hierarchy
2015-11-08 14:30:19,755 INFO [main] o.s.w.s.m.m.a.RequestMappingHandlerAdapter [RequestMappingHandlerAdapter.java : 517] - Looking for @ControllerAdvice: org.springframework.boot.context.embedded.AnnotationConfigEmbeddedWebApplicationContext@1d3e4f82: startup date [Sun Nov 08 14:30:18 AST 2015]; root of context hierarchy
2015-11-08 14:30:19,791 INFO [main] o.s.w.s.m.m.a.RequestMappingHandlerMapping [AbstractHandlerMethodMapping.java : 217] - Mapped "{[/api/rate || /api/rate/{code} || /api/rate/{code}/{date}],methods=[GET],produces=[application/json]}" onto org.springframework.http.ResponseEntity<java.lang.String> ru.myrest.rate.RateController.getRate(java.util.Map<java.lang.String, java.lang.String>)
2015-11-08 14:30:19,791 INFO [main] o.s.w.s.m.m.a.RequestMappingHandlerMapping [AbstractHandlerMethodMapping.java : 217] - Mapped "{[/api/rate || /api/rate/{code} || /api/rate/{code}/{date}],methods=[GET],produces=[application/json]}" onto org.springframework.http.ResponseEntity<java.lang.String> ru.myrest.rate.RateController.getRate(java.util.Map<java.lang.String, java.lang.String>)
2015-11-08 14:30:19,793 INFO [main] o.s.w.s.m.m.a.RequestMappingHandlerMapping [AbstractHandlerMethodMapping.java : 217] - Mapped "{[/error]}" onto public org.springframework.http.ResponseEntity<java.util.Map<java.lang.String, java.lang.Object>> org.springframework.boot.autoconfigure.web.BasicErrorController.error(javax.servlet.http.HttpServletRequest)
2015-11-08 14:30:19,793 INFO [main] o.s.w.s.m.m.a.RequestMappingHandlerMapping [AbstractHandlerMethodMapping.java : 217] - Mapped "{[/error]}" onto public org.springframework.http.ResponseEntity<java.util.Map<java.lang.String, java.lang.Object>> org.springframework.boot.autoconfigure.web.BasicErrorController.error(javax.servlet.http.HttpServletRequest)
2015-11-08 14:30:19,793 INFO [main] o.s.w.s.m.m.a.RequestMappingHandlerMapping [AbstractHandlerMethodMapping.java : 217] - Mapped "{[/error],produces=[text/html]}" onto public org.springframework.web.servlet.ModelAndView org.springframework.boot.autoconfigure.web.BasicErrorController.errorHtml(javax.servlet.http.HttpServletRequest)
2015-11-08 14:30:19,793 INFO [main] o.s.w.s.m.m.a.RequestMappingHandlerMapping [AbstractHandlerMethodMapping.java : 217] - Mapped "{[/error],produces=[text/html]}" onto public org.springframework.web.servlet.ModelAndView org.springframework.boot.autoconfigure.web.BasicErrorController.errorHtml(javax.servlet.http.HttpServletRequest)
2015-11-08 14:30:19,807 INFO [main] o.s.w.s.h.SimpleUrlHandlerMapping [AbstractUrlHandlerMapping.java : 314] - Mapped URL path [/**] onto handler of type [class org.springframework.web.servlet.resource.ResourceHttpRequestHandler]
2015-11-08 14:30:19,807 INFO [main] o.s.w.s.h.SimpleUrlHandlerMapping [AbstractUrlHandlerMapping.java : 314] - Mapped URL path [/**] onto handler of type [class org.springframework.web.servlet.resource.ResourceHttpRequestHandler]
2015-11-08 14:30:19,808 INFO [main] o.s.w.s.h.SimpleUrlHandlerMapping [AbstractUrlHandlerMapping.java : 314] - Mapped URL path [/webjars/**] onto handler of type [class org.springframework.web.servlet.resource.ResourceHttpRequestHandler]
2015-11-08 14:30:19,808 INFO [main] o.s.w.s.h.SimpleUrlHandlerMapping [AbstractUrlHandlerMapping.java : 314] - Mapped URL path [/webjars/**] onto handler of type [class org.springframework.web.servlet.resource.ResourceHttpRequestHandler]
2015-11-08 14:30:19,834 INFO [main] o.s.w.s.h.SimpleUrlHandlerMapping [AbstractUrlHandlerMapping.java : 314] - Mapped URL path [/**/favicon.ico] onto handler of type [class org.springframework.web.servlet.resource.ResourceHttpRequestHandler]
2015-11-08 14:30:19,834 INFO [main] o.s.w.s.h.SimpleUrlHandlerMapping [AbstractUrlHandlerMapping.java : 314] - Mapped URL path [/**/favicon.ico] onto handler of type [class org.springframework.web.servlet.resource.ResourceHttpRequestHandler]
2015-11-08 14:30:19,872 INFO [main] o.s.j.e.a.AnnotationMBeanExporter [MBeanExporter.java : 431] - Registering beans for JMX exposure on startup
2015-11-08 14:30:19,872 INFO [main] o.s.j.e.a.AnnotationMBeanExporter [MBeanExporter.java : 431] - Registering beans for JMX exposure on startup
2015-11-08 14:30:19,890 INFO [main] o.a.c.h.Http11NioProtocol [DirectJDKLog.java : 180] - Initializing ProtocolHandler ["http-nio-8080"]
2015-11-08 14:30:19,894 INFO [main] o.a.c.h.Http11NioProtocol [DirectJDKLog.java : 180] - Starting ProtocolHandler ["http-nio-8080"]
2015-11-08 14:30:19,902 INFO [main] o.a.t.u.n.NioSelectorPool [DirectJDKLog.java : 180] - Using a shared selector for servlet write/read
2015-11-08 14:30:19,912 INFO [main] o.s.b.c.e.t.TomcatEmbeddedServletContainer [TomcatEmbeddedServletContainer.java : 159] - Tomcat started on port(s): 8080 (http)
2015-11-08 14:30:19,912 INFO [main] o.s.b.c.e.t.TomcatEmbeddedServletContainer [TomcatEmbeddedServletContainer.java : 159] - Tomcat started on port(s): 8080 (http)
2015-11-08 14:30:19,913 INFO [main] r.m.r.RateController [StartupInfoLogger.java : 56] - Started RateController in 1.814 seconds (JVM running for 2.085)
2015-11-08 14:30:27,489 INFO [http-nio-8080-exec-1] o.a.c.c.C.[.[.[/] [DirectJDKLog.java : 180] - Initializing Spring FrameworkServlet 'dispatcherServlet'
2015-11-08 14:30:27,489 INFO [http-nio-8080-exec-1] o.s.w.s.DispatcherServlet [FrameworkServlet.java : 485] - FrameworkServlet 'dispatcherServlet': initialization started
2015-11-08 14:30:27,489 INFO [http-nio-8080-exec-1] o.s.w.s.DispatcherServlet [FrameworkServlet.java : 485] - FrameworkServlet 'dispatcherServlet': initialization started
2015-11-08 14:30:27,499 INFO [http-nio-8080-exec-1] o.s.w.s.DispatcherServlet [FrameworkServlet.java : 504] - FrameworkServlet 'dispatcherServlet': initialization completed in 9 ms
2015-11-08 14:30:27,499 INFO [http-nio-8080-exec-1] o.s.w.s.DispatcherServlet [FrameworkServlet.java : 504] - FrameworkServlet 'dispatcherServlet': initialization completed in 9 ms
2015-11-08 14:30:31,125 WARN [http-nio-8080-exec-2] r.m.r.RateController [RateController.java : 43] - Формат даты должен быть yyyy-MM-dd: 2014-01-22s.
2015-11-08 14:30:42,707 WARN [http-nio-8080-exec-4] r.m.r.RateController [RateController.java : 43] - Формат даты должен быть yyyy-MM-dd: 2014-01s.
2015-11-08 14:30:47,683 WARN [http-nio-8080-exec-5] r.m.r.RateController [RateController.java : 43] - Код валюты должен состоять из трех латинских символов в верхнем регистре: RU.
2015-11-08 14:30:55,362 WARN [http-nio-8080-exec-7] r.m.r.RateController [RateController.java : 43] - Код валюты должен состоять из трех латинских символов в верхнем регистре: mss.
