2015-11-10 09:38:40,077 INFO [main] r.m.r.CurrencyRateController [StartupInfoLogger.java : 47] - Starting CurrencyRateController on sergey-HP1 with PID 7136 (C:\Users\sergey\workspace\currency-rate-api\target\classes started by sergey in C:\Users\sergey\workspace\currency-rate-api)
2015-11-10 09:38:40,099 INFO [main] o.s.b.c.e.AnnotationConfigEmbeddedWebApplicationContext [AbstractApplicationContext.java : 511] - Refreshing org.springframework.boot.context.embedded.AnnotationConfigEmbeddedWebApplicationContext@4ad70ab0: startup date [Tue Nov 10 09:38:40 AST 2015]; root of context hierarchy
2015-11-10 09:38:40,099 INFO [main] o.s.b.c.e.AnnotationConfigEmbeddedWebApplicationContext [AbstractApplicationContext.java : 511] - Refreshing org.springframework.boot.context.embedded.AnnotationConfigEmbeddedWebApplicationContext@4ad70ab0: startup date [Tue Nov 10 09:38:40 AST 2015]; root of context hierarchy
2015-11-10 09:38:40,563 INFO [main] o.s.b.f.s.DefaultListableBeanFactory [DefaultListableBeanFactory.java : 822] - Overriding bean definition for bean 'beanNameViewResolver': replacing [Root bean: class [null]; scope=; abstract=false; lazyInit=false; autowireMode=3; dependencyCheck=0; autowireCandidate=true; primary=false; factoryBeanName=org.springframework.boot.autoconfigure.web.ErrorMvcAutoConfiguration$WhitelabelErrorViewConfiguration; factoryMethodName=beanNameViewResolver; initMethodName=null; destroyMethodName=(inferred); defined in class path resource [org/springframework/boot/autoconfigure/web/ErrorMvcAutoConfiguration$WhitelabelErrorViewConfiguration.class]] with [Root bean: class [null]; scope=; abstract=false; lazyInit=false; autowireMode=3; dependencyCheck=0; autowireCandidate=true; primary=false; factoryBeanName=org.springframework.boot.autoconfigure.web.WebMvcAutoConfiguration$WebMvcAutoConfigurationAdapter; factoryMethodName=beanNameViewResolver; initMethodName=null; destroyMethodName=(inferred); defined in class path resource [org/springframework/boot/autoconfigure/web/WebMvcAutoConfiguration$WebMvcAutoConfigurationAdapter.class]]
2015-11-10 09:38:40,563 INFO [main] o.s.b.f.s.DefaultListableBeanFactory [DefaultListableBeanFactory.java : 822] - Overriding bean definition for bean 'beanNameViewResolver': replacing [Root bean: class [null]; scope=; abstract=false; lazyInit=false; autowireMode=3; dependencyCheck=0; autowireCandidate=true; primary=false; factoryBeanName=org.springframework.boot.autoconfigure.web.ErrorMvcAutoConfiguration$WhitelabelErrorViewConfiguration; factoryMethodName=beanNameViewResolver; initMethodName=null; destroyMethodName=(inferred); defined in class path resource [org/springframework/boot/autoconfigure/web/ErrorMvcAutoConfiguration$WhitelabelErrorViewConfiguration.class]] with [Root bean: class [null]; scope=; abstract=false; lazyInit=false; autowireMode=3; dependencyCheck=0; autowireCandidate=true; primary=false; factoryBeanName=org.springframework.boot.autoconfigure.web.WebMvcAutoConfiguration$WebMvcAutoConfigurationAdapter; factoryMethodName=beanNameViewResolver; initMethodName=null; destroyMethodName=(inferred); defined in class path resource [org/springframework/boot/autoconfigure/web/WebMvcAutoConfiguration$WebMvcAutoConfigurationAdapter.class]]
2015-11-10 09:38:40,746 INFO [main] o.h.v.i.u.Version [Version.java : 27] - HV000001: Hibernate Validator 5.1.3.Final
2015-11-10 09:38:41,039 INFO [main] o.s.b.c.e.t.TomcatEmbeddedServletContainer [TomcatEmbeddedServletContainer.java : 79] - Tomcat initialized with port(s): 8080 (http)
2015-11-10 09:38:41,039 INFO [main] o.s.b.c.e.t.TomcatEmbeddedServletContainer [TomcatEmbeddedServletContainer.java : 79] - Tomcat initialized with port(s): 8080 (http)
2015-11-10 09:38:41,187 INFO [main] o.a.c.c.StandardService [DirectJDKLog.java : 180] - Starting service Tomcat
2015-11-10 09:38:41,188 INFO [main] o.a.c.c.StandardEngine [DirectJDKLog.java : 180] - Starting Servlet Engine: Apache Tomcat/8.0.28
2015-11-10 09:38:41,259 INFO [localhost-startStop-1] o.a.c.c.C.[.[.[/] [DirectJDKLog.java : 180] - Initializing Spring embedded WebApplicationContext
2015-11-10 09:38:41,259 INFO [localhost-startStop-1] o.s.w.c.ContextLoader [EmbeddedWebApplicationContext.java : 268] - Root WebApplicationContext: initialization completed in 1160 ms
2015-11-10 09:38:41,259 INFO [localhost-startStop-1] o.s.w.c.ContextLoader [EmbeddedWebApplicationContext.java : 268] - Root WebApplicationContext: initialization completed in 1160 ms
2015-11-10 09:38:41,689 INFO [localhost-startStop-1] o.s.b.c.e.ServletRegistrationBean [ServletRegistrationBean.java : 188] - Mapping servlet: 'dispatcherServlet' to [/]
2015-11-10 09:38:41,689 INFO [localhost-startStop-1] o.s.b.c.e.ServletRegistrationBean [ServletRegistrationBean.java : 188] - Mapping servlet: 'dispatcherServlet' to [/]
2015-11-10 09:38:41,691 INFO [localhost-startStop-1] o.s.b.c.e.FilterRegistrationBean [FilterRegistrationBean.java : 286] - Mapping filter: 'characterEncodingFilter' to: [/*]
2015-11-10 09:38:41,691 INFO [localhost-startStop-1] o.s.b.c.e.FilterRegistrationBean [FilterRegistrationBean.java : 286] - Mapping filter: 'characterEncodingFilter' to: [/*]
2015-11-10 09:38:41,692 INFO [localhost-startStop-1] o.s.b.c.e.FilterRegistrationBean [FilterRegistrationBean.java : 286] - Mapping filter: 'hiddenHttpMethodFilter' to: [/*]
2015-11-10 09:38:41,692 INFO [localhost-startStop-1] o.s.b.c.e.FilterRegistrationBean [FilterRegistrationBean.java : 286] - Mapping filter: 'hiddenHttpMethodFilter' to: [/*]
2015-11-10 09:38:41,791 INFO [main] o.s.w.s.m.m.a.RequestMappingHandlerAdapter [RequestMappingHandlerAdapter.java : 517] - Looking for @ControllerAdvice: org.springframework.boot.context.embedded.AnnotationConfigEmbeddedWebApplicationContext@4ad70ab0: startup date [Tue Nov 10 09:38:40 AST 2015]; root of context hierarchy
2015-11-10 09:38:41,791 INFO [main] o.s.w.s.m.m.a.RequestMappingHandlerAdapter [RequestMappingHandlerAdapter.java : 517] - Looking for @ControllerAdvice: org.springframework.boot.context.embedded.AnnotationConfigEmbeddedWebApplicationContext@4ad70ab0: startup date [Tue Nov 10 09:38:40 AST 2015]; root of context hierarchy
2015-11-10 09:38:41,836 INFO [main] o.s.w.s.m.m.a.RequestMappingHandlerMapping [AbstractHandlerMethodMapping.java : 217] - Mapped "{[/currency/api/rate || /api/rate/{code} || /api/rate/{code}/{date}],methods=[GET],produces=[application/json]}" onto org.springframework.http.ResponseEntity<java.lang.String> ru.myrest.rate.CurrencyRateController.getRate(java.util.Map<java.lang.String, java.lang.String>)
2015-11-10 09:38:41,836 INFO [main] o.s.w.s.m.m.a.RequestMappingHandlerMapping [AbstractHandlerMethodMapping.java : 217] - Mapped "{[/currency/api/rate || /api/rate/{code} || /api/rate/{code}/{date}],methods=[GET],produces=[application/json]}" onto org.springframework.http.ResponseEntity<java.lang.String> ru.myrest.rate.CurrencyRateController.getRate(java.util.Map<java.lang.String, java.lang.String>)
2015-11-10 09:38:41,837 INFO [main] o.s.w.s.m.m.a.RequestMappingHandlerMapping [AbstractHandlerMethodMapping.java : 217] - Mapped "{[/error]}" onto public org.springframework.http.ResponseEntity<java.util.Map<java.lang.String, java.lang.Object>> org.springframework.boot.autoconfigure.web.BasicErrorController.error(javax.servlet.http.HttpServletRequest)
2015-11-10 09:38:41,837 INFO [main] o.s.w.s.m.m.a.RequestMappingHandlerMapping [AbstractHandlerMethodMapping.java : 217] - Mapped "{[/error]}" onto public org.springframework.http.ResponseEntity<java.util.Map<java.lang.String, java.lang.Object>> org.springframework.boot.autoconfigure.web.BasicErrorController.error(javax.servlet.http.HttpServletRequest)
2015-11-10 09:38:41,838 INFO [main] o.s.w.s.m.m.a.RequestMappingHandlerMapping [AbstractHandlerMethodMapping.java : 217] - Mapped "{[/error],produces=[text/html]}" onto public org.springframework.web.servlet.ModelAndView org.springframework.boot.autoconfigure.web.BasicErrorController.errorHtml(javax.servlet.http.HttpServletRequest)
2015-11-10 09:38:41,838 INFO [main] o.s.w.s.m.m.a.RequestMappingHandlerMapping [AbstractHandlerMethodMapping.java : 217] - Mapped "{[/error],produces=[text/html]}" onto public org.springframework.web.servlet.ModelAndView org.springframework.boot.autoconfigure.web.BasicErrorController.errorHtml(javax.servlet.http.HttpServletRequest)
2015-11-10 09:38:41,863 INFO [main] o.s.w.s.h.SimpleUrlHandlerMapping [AbstractUrlHandlerMapping.java : 314] - Mapped URL path [/**] onto handler of type [class org.springframework.web.servlet.resource.ResourceHttpRequestHandler]
2015-11-10 09:38:41,863 INFO [main] o.s.w.s.h.SimpleUrlHandlerMapping [AbstractUrlHandlerMapping.java : 314] - Mapped URL path [/**] onto handler of type [class org.springframework.web.servlet.resource.ResourceHttpRequestHandler]
2015-11-10 09:38:41,864 INFO [main] o.s.w.s.h.SimpleUrlHandlerMapping [AbstractUrlHandlerMapping.java : 314] - Mapped URL path [/webjars/**] onto handler of type [class org.springframework.web.servlet.resource.ResourceHttpRequestHandler]
2015-11-10 09:38:41,864 INFO [main] o.s.w.s.h.SimpleUrlHandlerMapping [AbstractUrlHandlerMapping.java : 314] - Mapped URL path [/webjars/**] onto handler of type [class org.springframework.web.servlet.resource.ResourceHttpRequestHandler]
2015-11-10 09:38:41,899 INFO [main] o.s.w.s.h.SimpleUrlHandlerMapping [AbstractUrlHandlerMapping.java : 314] - Mapped URL path [/**/favicon.ico] onto handler of type [class org.springframework.web.servlet.resource.ResourceHttpRequestHandler]
2015-11-10 09:38:41,899 INFO [main] o.s.w.s.h.SimpleUrlHandlerMapping [AbstractUrlHandlerMapping.java : 314] - Mapped URL path [/**/favicon.ico] onto handler of type [class org.springframework.web.servlet.resource.ResourceHttpRequestHandler]
2015-11-10 09:38:41,946 INFO [main] o.s.j.e.a.AnnotationMBeanExporter [MBeanExporter.java : 431] - Registering beans for JMX exposure on startup
2015-11-10 09:38:41,946 INFO [main] o.s.j.e.a.AnnotationMBeanExporter [MBeanExporter.java : 431] - Registering beans for JMX exposure on startup
2015-11-10 09:38:41,963 INFO [main] o.a.c.h.Http11NioProtocol [DirectJDKLog.java : 180] - Initializing ProtocolHandler ["http-nio-8080"]
2015-11-10 09:38:41,967 INFO [main] o.a.c.h.Http11NioProtocol [DirectJDKLog.java : 180] - Starting ProtocolHandler ["http-nio-8080"]
2015-11-10 09:38:41,975 INFO [main] o.a.t.u.n.NioSelectorPool [DirectJDKLog.java : 180] - Using a shared selector for servlet write/read
2015-11-10 09:38:41,986 INFO [main] o.s.b.c.e.t.TomcatEmbeddedServletContainer [TomcatEmbeddedServletContainer.java : 159] - Tomcat started on port(s): 8080 (http)
2015-11-10 09:38:41,986 INFO [main] o.s.b.c.e.t.TomcatEmbeddedServletContainer [TomcatEmbeddedServletContainer.java : 159] - Tomcat started on port(s): 8080 (http)
2015-11-10 09:38:41,987 INFO [main] r.m.r.CurrencyRateController [StartupInfoLogger.java : 56] - Started CurrencyRateController in 2.061 seconds (JVM running for 2.401)
2015-11-10 09:38:41,987 INFO [main] r.m.r.CurrencyRateController [CurrencyRateController.java : 108] - Server started!
2015-11-10 09:38:53,186 INFO [http-nio-8080-exec-1] o.a.c.c.C.[.[.[/] [DirectJDKLog.java : 180] - Initializing Spring FrameworkServlet 'dispatcherServlet'
2015-11-10 09:38:53,186 INFO [http-nio-8080-exec-1] o.s.w.s.DispatcherServlet [FrameworkServlet.java : 485] - FrameworkServlet 'dispatcherServlet': initialization started
2015-11-10 09:38:53,186 INFO [http-nio-8080-exec-1] o.s.w.s.DispatcherServlet [FrameworkServlet.java : 485] - FrameworkServlet 'dispatcherServlet': initialization started
2015-11-10 09:38:53,196 INFO [http-nio-8080-exec-1] o.s.w.s.DispatcherServlet [FrameworkServlet.java : 504] - FrameworkServlet 'dispatcherServlet': initialization completed in 9 ms
2015-11-10 09:38:53,196 INFO [http-nio-8080-exec-1] o.s.w.s.DispatcherServlet [FrameworkServlet.java : 504] - FrameworkServlet 'dispatcherServlet': initialization completed in 9 ms
2015-11-10 09:40:29,747 INFO [main] r.m.r.CurrencyRateController [StartupInfoLogger.java : 47] - Starting CurrencyRateController on sergey-HP1 with PID 10392 (C:\Users\sergey\workspace\currency-rate-api\target\classes started by sergey in C:\Users\sergey\workspace\currency-rate-api)
2015-11-10 09:40:29,768 INFO [main] o.s.b.c.e.AnnotationConfigEmbeddedWebApplicationContext [AbstractApplicationContext.java : 511] - Refreshing org.springframework.boot.context.embedded.AnnotationConfigEmbeddedWebApplicationContext@4ad70ab0: startup date [Tue Nov 10 09:40:29 AST 2015]; root of context hierarchy
2015-11-10 09:40:29,768 INFO [main] o.s.b.c.e.AnnotationConfigEmbeddedWebApplicationContext [AbstractApplicationContext.java : 511] - Refreshing org.springframework.boot.context.embedded.AnnotationConfigEmbeddedWebApplicationContext@4ad70ab0: startup date [Tue Nov 10 09:40:29 AST 2015]; root of context hierarchy
2015-11-10 09:40:30,183 INFO [main] o.s.b.f.s.DefaultListableBeanFactory [DefaultListableBeanFactory.java : 822] - Overriding bean definition for bean 'beanNameViewResolver': replacing [Root bean: class [null]; scope=; abstract=false; lazyInit=false; autowireMode=3; dependencyCheck=0; autowireCandidate=true; primary=false; factoryBeanName=org.springframework.boot.autoconfigure.web.ErrorMvcAutoConfiguration$WhitelabelErrorViewConfiguration; factoryMethodName=beanNameViewResolver; initMethodName=null; destroyMethodName=(inferred); defined in class path resource [org/springframework/boot/autoconfigure/web/ErrorMvcAutoConfiguration$WhitelabelErrorViewConfiguration.class]] with [Root bean: class [null]; scope=; abstract=false; lazyInit=false; autowireMode=3; dependencyCheck=0; autowireCandidate=true; primary=false; factoryBeanName=org.springframework.boot.autoconfigure.web.WebMvcAutoConfiguration$WebMvcAutoConfigurationAdapter; factoryMethodName=beanNameViewResolver; initMethodName=null; destroyMethodName=(inferred); defined in class path resource [org/springframework/boot/autoconfigure/web/WebMvcAutoConfiguration$WebMvcAutoConfigurationAdapter.class]]
2015-11-10 09:40:30,183 INFO [main] o.s.b.f.s.DefaultListableBeanFactory [DefaultListableBeanFactory.java : 822] - Overriding bean definition for bean 'beanNameViewResolver': replacing [Root bean: class [null]; scope=; abstract=false; lazyInit=false; autowireMode=3; dependencyCheck=0; autowireCandidate=true; primary=false; factoryBeanName=org.springframework.boot.autoconfigure.web.ErrorMvcAutoConfiguration$WhitelabelErrorViewConfiguration; factoryMethodName=beanNameViewResolver; initMethodName=null; destroyMethodName=(inferred); defined in class path resource [org/springframework/boot/autoconfigure/web/ErrorMvcAutoConfiguration$WhitelabelErrorViewConfiguration.class]] with [Root bean: class [null]; scope=; abstract=false; lazyInit=false; autowireMode=3; dependencyCheck=0; autowireCandidate=true; primary=false; factoryBeanName=org.springframework.boot.autoconfigure.web.WebMvcAutoConfiguration$WebMvcAutoConfigurationAdapter; factoryMethodName=beanNameViewResolver; initMethodName=null; destroyMethodName=(inferred); defined in class path resource [org/springframework/boot/autoconfigure/web/WebMvcAutoConfiguration$WebMvcAutoConfigurationAdapter.class]]
2015-11-10 09:40:30,380 INFO [main] o.h.v.i.u.Version [Version.java : 27] - HV000001: Hibernate Validator 5.1.3.Final
2015-11-10 09:40:30,658 INFO [main] o.s.b.c.e.t.TomcatEmbeddedServletContainer [TomcatEmbeddedServletContainer.java : 79] - Tomcat initialized with port(s): 8080 (http)
2015-11-10 09:40:30,658 INFO [main] o.s.b.c.e.t.TomcatEmbeddedServletContainer [TomcatEmbeddedServletContainer.java : 79] - Tomcat initialized with port(s): 8080 (http)
2015-11-10 09:40:30,774 INFO [main] o.a.c.c.StandardService [DirectJDKLog.java : 180] - Starting service Tomcat
2015-11-10 09:40:30,775 INFO [main] o.a.c.c.StandardEngine [DirectJDKLog.java : 180] - Starting Servlet Engine: Apache Tomcat/8.0.28
2015-11-10 09:40:30,844 INFO [localhost-startStop-1] o.a.c.c.C.[.[.[/] [DirectJDKLog.java : 180] - Initializing Spring embedded WebApplicationContext
2015-11-10 09:40:30,844 INFO [localhost-startStop-1] o.s.w.c.ContextLoader [EmbeddedWebApplicationContext.java : 268] - Root WebApplicationContext: initialization completed in 1076 ms
2015-11-10 09:40:30,844 INFO [localhost-startStop-1] o.s.w.c.ContextLoader [EmbeddedWebApplicationContext.java : 268] - Root WebApplicationContext: initialization completed in 1076 ms
2015-11-10 09:40:31,258 INFO [localhost-startStop-1] o.s.b.c.e.ServletRegistrationBean [ServletRegistrationBean.java : 188] - Mapping servlet: 'dispatcherServlet' to [/]
2015-11-10 09:40:31,258 INFO [localhost-startStop-1] o.s.b.c.e.ServletRegistrationBean [ServletRegistrationBean.java : 188] - Mapping servlet: 'dispatcherServlet' to [/]
2015-11-10 09:40:31,261 INFO [localhost-startStop-1] o.s.b.c.e.FilterRegistrationBean [FilterRegistrationBean.java : 286] - Mapping filter: 'characterEncodingFilter' to: [/*]
2015-11-10 09:40:31,261 INFO [localhost-startStop-1] o.s.b.c.e.FilterRegistrationBean [FilterRegistrationBean.java : 286] - Mapping filter: 'characterEncodingFilter' to: [/*]
2015-11-10 09:40:31,261 INFO [localhost-startStop-1] o.s.b.c.e.FilterRegistrationBean [FilterRegistrationBean.java : 286] - Mapping filter: 'hiddenHttpMethodFilter' to: [/*]
2015-11-10 09:40:31,261 INFO [localhost-startStop-1] o.s.b.c.e.FilterRegistrationBean [FilterRegistrationBean.java : 286] - Mapping filter: 'hiddenHttpMethodFilter' to: [/*]
2015-11-10 09:40:31,354 INFO [main] o.s.w.s.m.m.a.RequestMappingHandlerAdapter [RequestMappingHandlerAdapter.java : 517] - Looking for @ControllerAdvice: org.springframework.boot.context.embedded.AnnotationConfigEmbeddedWebApplicationContext@4ad70ab0: startup date [Tue Nov 10 09:40:29 AST 2015]; root of context hierarchy
2015-11-10 09:40:31,354 INFO [main] o.s.w.s.m.m.a.RequestMappingHandlerAdapter [RequestMappingHandlerAdapter.java : 517] - Looking for @ControllerAdvice: org.springframework.boot.context.embedded.AnnotationConfigEmbeddedWebApplicationContext@4ad70ab0: startup date [Tue Nov 10 09:40:29 AST 2015]; root of context hierarchy
2015-11-10 09:40:31,389 INFO [main] o.s.w.s.m.m.a.RequestMappingHandlerMapping [AbstractHandlerMethodMapping.java : 217] - Mapped "{[/currency/api/rate || /currency/api/rate/{code} || /currency/api/rate/{code}/{date}],methods=[GET],produces=[application/json]}" onto org.springframework.http.ResponseEntity<java.lang.String> ru.myrest.rate.CurrencyRateController.getRate(java.util.Map<java.lang.String, java.lang.String>)
2015-11-10 09:40:31,389 INFO [main] o.s.w.s.m.m.a.RequestMappingHandlerMapping [AbstractHandlerMethodMapping.java : 217] - Mapped "{[/currency/api/rate || /currency/api/rate/{code} || /currency/api/rate/{code}/{date}],methods=[GET],produces=[application/json]}" onto org.springframework.http.ResponseEntity<java.lang.String> ru.myrest.rate.CurrencyRateController.getRate(java.util.Map<java.lang.String, java.lang.String>)
2015-11-10 09:40:31,390 INFO [main] o.s.w.s.m.m.a.RequestMappingHandlerMapping [AbstractHandlerMethodMapping.java : 217] - Mapped "{[/error]}" onto public org.springframework.http.ResponseEntity<java.util.Map<java.lang.String, java.lang.Object>> org.springframework.boot.autoconfigure.web.BasicErrorController.error(javax.servlet.http.HttpServletRequest)
2015-11-10 09:40:31,390 INFO [main] o.s.w.s.m.m.a.RequestMappingHandlerMapping [AbstractHandlerMethodMapping.java : 217] - Mapped "{[/error]}" onto public org.springframework.http.ResponseEntity<java.util.Map<java.lang.String, java.lang.Object>> org.springframework.boot.autoconfigure.web.BasicErrorController.error(javax.servlet.http.HttpServletRequest)
2015-11-10 09:40:31,391 INFO [main] o.s.w.s.m.m.a.RequestMappingHandlerMapping [AbstractHandlerMethodMapping.java : 217] - Mapped "{[/error],produces=[text/html]}" onto public org.springframework.web.servlet.ModelAndView org.springframework.boot.autoconfigure.web.BasicErrorController.errorHtml(javax.servlet.http.HttpServletRequest)
2015-11-10 09:40:31,391 INFO [main] o.s.w.s.m.m.a.RequestMappingHandlerMapping [AbstractHandlerMethodMapping.java : 217] - Mapped "{[/error],produces=[text/html]}" onto public org.springframework.web.servlet.ModelAndView org.springframework.boot.autoconfigure.web.BasicErrorController.errorHtml(javax.servlet.http.HttpServletRequest)
2015-11-10 09:40:31,406 INFO [main] o.s.w.s.h.SimpleUrlHandlerMapping [AbstractUrlHandlerMapping.java : 314] - Mapped URL path [/**] onto handler of type [class org.springframework.web.servlet.resource.ResourceHttpRequestHandler]
2015-11-10 09:40:31,406 INFO [main] o.s.w.s.h.SimpleUrlHandlerMapping [AbstractUrlHandlerMapping.java : 314] - Mapped URL path [/**] onto handler of type [class org.springframework.web.servlet.resource.ResourceHttpRequestHandler]
2015-11-10 09:40:31,406 INFO [main] o.s.w.s.h.SimpleUrlHandlerMapping [AbstractUrlHandlerMapping.java : 314] - Mapped URL path [/webjars/**] onto handler of type [class org.springframework.web.servlet.resource.ResourceHttpRequestHandler]
2015-11-10 09:40:31,406 INFO [main] o.s.w.s.h.SimpleUrlHandlerMapping [AbstractUrlHandlerMapping.java : 314] - Mapped URL path [/webjars/**] onto handler of type [class org.springframework.web.servlet.resource.ResourceHttpRequestHandler]
2015-11-10 09:40:31,431 INFO [main] o.s.w.s.h.SimpleUrlHandlerMapping [AbstractUrlHandlerMapping.java : 314] - Mapped URL path [/**/favicon.ico] onto handler of type [class org.springframework.web.servlet.resource.ResourceHttpRequestHandler]
2015-11-10 09:40:31,431 INFO [main] o.s.w.s.h.SimpleUrlHandlerMapping [AbstractUrlHandlerMapping.java : 314] - Mapped URL path [/**/favicon.ico] onto handler of type [class org.springframework.web.servlet.resource.ResourceHttpRequestHandler]
2015-11-10 09:40:31,472 INFO [main] o.s.j.e.a.AnnotationMBeanExporter [MBeanExporter.java : 431] - Registering beans for JMX exposure on startup
2015-11-10 09:40:31,472 INFO [main] o.s.j.e.a.AnnotationMBeanExporter [MBeanExporter.java : 431] - Registering beans for JMX exposure on startup
2015-11-10 09:40:31,490 INFO [main] o.a.c.h.Http11NioProtocol [DirectJDKLog.java : 180] - Initializing ProtocolHandler ["http-nio-8080"]
2015-11-10 09:40:31,494 INFO [main] o.a.c.h.Http11NioProtocol [DirectJDKLog.java : 180] - Starting ProtocolHandler ["http-nio-8080"]
2015-11-10 09:40:31,502 INFO [main] o.a.t.u.n.NioSelectorPool [DirectJDKLog.java : 180] - Using a shared selector for servlet write/read
2015-11-10 09:40:31,512 INFO [main] o.s.b.c.e.t.TomcatEmbeddedServletContainer [TomcatEmbeddedServletContainer.java : 159] - Tomcat started on port(s): 8080 (http)
2015-11-10 09:40:31,512 INFO [main] o.s.b.c.e.t.TomcatEmbeddedServletContainer [TomcatEmbeddedServletContainer.java : 159] - Tomcat started on port(s): 8080 (http)
2015-11-10 09:40:31,514 INFO [main] r.m.r.CurrencyRateController [StartupInfoLogger.java : 56] - Started CurrencyRateController in 1.914 seconds (JVM running for 2.242)
2015-11-10 09:40:31,514 INFO [main] r.m.r.CurrencyRateController [CurrencyRateController.java : 108] - Server started!
2015-11-10 09:40:35,079 INFO [http-nio-8080-exec-1] o.a.c.c.C.[.[.[/] [DirectJDKLog.java : 180] - Initializing Spring FrameworkServlet 'dispatcherServlet'
2015-11-10 09:40:35,080 INFO [http-nio-8080-exec-1] o.s.w.s.DispatcherServlet [FrameworkServlet.java : 485] - FrameworkServlet 'dispatcherServlet': initialization started
2015-11-10 09:40:35,080 INFO [http-nio-8080-exec-1] o.s.w.s.DispatcherServlet [FrameworkServlet.java : 485] - FrameworkServlet 'dispatcherServlet': initialization started
2015-11-10 09:40:35,089 INFO [http-nio-8080-exec-1] o.s.w.s.DispatcherServlet [FrameworkServlet.java : 504] - FrameworkServlet 'dispatcherServlet': initialization completed in 9 ms
2015-11-10 09:40:35,089 INFO [http-nio-8080-exec-1] o.s.w.s.DispatcherServlet [FrameworkServlet.java : 504] - FrameworkServlet 'dispatcherServlet': initialization completed in 9 ms
