2015-11-08 13:31:50,383 INFO [main] o.s.b.c.e.AnnotationConfigEmbeddedWebApplicationContext [AbstractApplicationContext.java : 511] Refreshing org.springframework.boot.context.embedded.AnnotationConfigEmbeddedWebApplicationContext@e85d240: startup date [Sun Nov 08 13:31:50 AST 2015]; root of context hierarchy
2015-11-08 13:31:50,748 INFO [main] o.s.b.f.s.DefaultListableBeanFactory [DefaultListableBeanFactory.java : 822] Overriding bean definition for bean 'beanNameViewResolver': replacing [Root bean: class [null]; scope=; abstract=false; lazyInit=false; autowireMode=3; dependencyCheck=0; autowireCandidate=true; primary=false; factoryBeanName=org.springframework.boot.autoconfigure.web.ErrorMvcAutoConfiguration$WhitelabelErrorViewConfiguration; factoryMethodName=beanNameViewResolver; initMethodName=null; destroyMethodName=(inferred); defined in class path resource [org/springframework/boot/autoconfigure/web/ErrorMvcAutoConfiguration$WhitelabelErrorViewConfiguration.class]] with [Root bean: class [null]; scope=; abstract=false; lazyInit=false; autowireMode=3; dependencyCheck=0; autowireCandidate=true; primary=false; factoryBeanName=org.springframework.boot.autoconfigure.web.WebMvcAutoConfiguration$WebMvcAutoConfigurationAdapter; factoryMethodName=beanNameViewResolver; initMethodName=null; destroyMethodName=(inferred); defined in class path resource [org/springframework/boot/autoconfigure/web/WebMvcAutoConfiguration$WebMvcAutoConfigurationAdapter.class]]
2015-11-08 13:31:51,172 INFO [main] o.s.b.c.e.t.TomcatEmbeddedServletContainer [TomcatEmbeddedServletContainer.java : 79] Tomcat initialized with port(s): 8080 (http)
2015-11-08 13:31:51,370 INFO [localhost-startStop-1] o.s.w.c.ContextLoader [EmbeddedWebApplicationContext.java : 268] Root WebApplicationContext: initialization completed in 989 ms
2015-11-08 13:31:51,741 INFO [localhost-startStop-1] o.s.b.c.e.ServletRegistrationBean [ServletRegistrationBean.java : 188] Mapping servlet: 'dispatcherServlet' to [/]
2015-11-08 13:31:51,744 INFO [localhost-startStop-1] o.s.b.c.e.FilterRegistrationBean [FilterRegistrationBean.java : 286] Mapping filter: 'characterEncodingFilter' to: [/*]
2015-11-08 13:31:51,744 INFO [localhost-startStop-1] o.s.b.c.e.FilterRegistrationBean [FilterRegistrationBean.java : 286] Mapping filter: 'hiddenHttpMethodFilter' to: [/*]
2015-11-08 13:31:51,851 INFO [main] o.s.w.s.m.m.a.RequestMappingHandlerAdapter [RequestMappingHandlerAdapter.java : 517] Looking for @ControllerAdvice: org.springframework.boot.context.embedded.AnnotationConfigEmbeddedWebApplicationContext@e85d240: startup date [Sun Nov 08 13:31:50 AST 2015]; root of context hierarchy
2015-11-08 13:31:51,888 INFO [main] o.s.w.s.m.m.a.RequestMappingHandlerMapping [AbstractHandlerMethodMapping.java : 217] Mapped "{[/api/rate || /api/rate/{code} || /api/rate/{code}/{date}],methods=[GET],produces=[application/json]}" onto org.springframework.http.ResponseEntity<java.lang.String> ru.myrest.rate.RateController.getRate(java.util.Map<java.lang.String, java.lang.String>)
2015-11-08 13:31:51,889 INFO [main] o.s.w.s.m.m.a.RequestMappingHandlerMapping [AbstractHandlerMethodMapping.java : 217] Mapped "{[/error]}" onto public org.springframework.http.ResponseEntity<java.util.Map<java.lang.String, java.lang.Object>> org.springframework.boot.autoconfigure.web.BasicErrorController.error(javax.servlet.http.HttpServletRequest)
2015-11-08 13:31:51,889 INFO [main] o.s.w.s.m.m.a.RequestMappingHandlerMapping [AbstractHandlerMethodMapping.java : 217] Mapped "{[/error],produces=[text/html]}" onto public org.springframework.web.servlet.ModelAndView org.springframework.boot.autoconfigure.web.BasicErrorController.errorHtml(javax.servlet.http.HttpServletRequest)
2015-11-08 13:31:51,904 INFO [main] o.s.w.s.h.SimpleUrlHandlerMapping [AbstractUrlHandlerMapping.java : 314] Mapped URL path [/**] onto handler of type [class org.springframework.web.servlet.resource.ResourceHttpRequestHandler]
2015-11-08 13:31:51,905 INFO [main] o.s.w.s.h.SimpleUrlHandlerMapping [AbstractUrlHandlerMapping.java : 314] Mapped URL path [/webjars/**] onto handler of type [class org.springframework.web.servlet.resource.ResourceHttpRequestHandler]
2015-11-08 13:31:51,931 INFO [main] o.s.w.s.h.SimpleUrlHandlerMapping [AbstractUrlHandlerMapping.java : 314] Mapped URL path [/**/favicon.ico] onto handler of type [class org.springframework.web.servlet.resource.ResourceHttpRequestHandler]
2015-11-08 13:31:51,967 INFO [main] o.s.j.e.a.AnnotationMBeanExporter [MBeanExporter.java : 431] Registering beans for JMX exposure on startup
2015-11-08 13:31:52,007 INFO [main] o.s.b.c.e.t.TomcatEmbeddedServletContainer [TomcatEmbeddedServletContainer.java : 159] Tomcat started on port(s): 8080 (http)
2015-11-08 13:33:43,165 INFO [main] o.s.b.c.e.AnnotationConfigEmbeddedWebApplicationContext [AbstractApplicationContext.java : 511] - Refreshing org.springframework.boot.context.embedded.AnnotationConfigEmbeddedWebApplicationContext@71a7cdd0: startup date [Sun Nov 08 13:33:43 AST 2015]; root of context hierarchy
2015-11-08 13:33:43,536 INFO [main] o.s.b.f.s.DefaultListableBeanFactory [DefaultListableBeanFactory.java : 822] - Overriding bean definition for bean 'beanNameViewResolver': replacing [Root bean: class [null]; scope=; abstract=false; lazyInit=false; autowireMode=3; dependencyCheck=0; autowireCandidate=true; primary=false; factoryBeanName=org.springframework.boot.autoconfigure.web.ErrorMvcAutoConfiguration$WhitelabelErrorViewConfiguration; factoryMethodName=beanNameViewResolver; initMethodName=null; destroyMethodName=(inferred); defined in class path resource [org/springframework/boot/autoconfigure/web/ErrorMvcAutoConfiguration$WhitelabelErrorViewConfiguration.class]] with [Root bean: class [null]; scope=; abstract=false; lazyInit=false; autowireMode=3; dependencyCheck=0; autowireCandidate=true; primary=false; factoryBeanName=org.springframework.boot.autoconfigure.web.WebMvcAutoConfiguration$WebMvcAutoConfigurationAdapter; factoryMethodName=beanNameViewResolver; initMethodName=null; destroyMethodName=(inferred); defined in class path resource [org/springframework/boot/autoconfigure/web/WebMvcAutoConfiguration$WebMvcAutoConfigurationAdapter.class]]
2015-11-08 13:33:43,958 INFO [main] o.s.b.c.e.t.TomcatEmbeddedServletContainer [TomcatEmbeddedServletContainer.java : 79] - Tomcat initialized with port(s): 8080 (http)
2015-11-08 13:33:44,153 INFO [localhost-startStop-1] o.s.w.c.ContextLoader [EmbeddedWebApplicationContext.java : 268] - Root WebApplicationContext: initialization completed in 990 ms
2015-11-08 13:33:44,532 INFO [localhost-startStop-1] o.s.b.c.e.ServletRegistrationBean [ServletRegistrationBean.java : 188] - Mapping servlet: 'dispatcherServlet' to [/]
2015-11-08 13:33:44,535 INFO [localhost-startStop-1] o.s.b.c.e.FilterRegistrationBean [FilterRegistrationBean.java : 286] - Mapping filter: 'characterEncodingFilter' to: [/*]
2015-11-08 13:33:44,535 INFO [localhost-startStop-1] o.s.b.c.e.FilterRegistrationBean [FilterRegistrationBean.java : 286] - Mapping filter: 'hiddenHttpMethodFilter' to: [/*]
2015-11-08 13:33:44,640 INFO [main] o.s.w.s.m.m.a.RequestMappingHandlerAdapter [RequestMappingHandlerAdapter.java : 517] - Looking for @ControllerAdvice: org.springframework.boot.context.embedded.AnnotationConfigEmbeddedWebApplicationContext@71a7cdd0: startup date [Sun Nov 08 13:33:43 AST 2015]; root of context hierarchy
2015-11-08 13:33:44,674 INFO [main] o.s.w.s.m.m.a.RequestMappingHandlerMapping [AbstractHandlerMethodMapping.java : 217] - Mapped "{[/api/rate || /api/rate/{code} || /api/rate/{code}/{date}],methods=[GET],produces=[application/json]}" onto org.springframework.http.ResponseEntity<java.lang.String> ru.myrest.rate.RateController.getRate(java.util.Map<java.lang.String, java.lang.String>)
2015-11-08 13:33:44,676 INFO [main] o.s.w.s.m.m.a.RequestMappingHandlerMapping [AbstractHandlerMethodMapping.java : 217] - Mapped "{[/error]}" onto public org.springframework.http.ResponseEntity<java.util.Map<java.lang.String, java.lang.Object>> org.springframework.boot.autoconfigure.web.BasicErrorController.error(javax.servlet.http.HttpServletRequest)
2015-11-08 13:33:44,676 INFO [main] o.s.w.s.m.m.a.RequestMappingHandlerMapping [AbstractHandlerMethodMapping.java : 217] - Mapped "{[/error],produces=[text/html]}" onto public org.springframework.web.servlet.ModelAndView org.springframework.boot.autoconfigure.web.BasicErrorController.errorHtml(javax.servlet.http.HttpServletRequest)
2015-11-08 13:33:44,691 INFO [main] o.s.w.s.h.SimpleUrlHandlerMapping [AbstractUrlHandlerMapping.java : 314] - Mapped URL path [/**] onto handler of type [class org.springframework.web.servlet.resource.ResourceHttpRequestHandler]
2015-11-08 13:33:44,691 INFO [main] o.s.w.s.h.SimpleUrlHandlerMapping [AbstractUrlHandlerMapping.java : 314] - Mapped URL path [/webjars/**] onto handler of type [class org.springframework.web.servlet.resource.ResourceHttpRequestHandler]
2015-11-08 13:33:44,718 INFO [main] o.s.w.s.h.SimpleUrlHandlerMapping [AbstractUrlHandlerMapping.java : 314] - Mapped URL path [/**/favicon.ico] onto handler of type [class org.springframework.web.servlet.resource.ResourceHttpRequestHandler]
2015-11-08 13:33:44,755 INFO [main] o.s.j.e.a.AnnotationMBeanExporter [MBeanExporter.java : 431] - Registering beans for JMX exposure on startup
2015-11-08 13:33:44,795 INFO [main] o.s.b.c.e.t.TomcatEmbeddedServletContainer [TomcatEmbeddedServletContainer.java : 159] - Tomcat started on port(s): 8080 (http)
